<?xml version="1.0" encoding="utf-8"?><testsuites name="pytest tests"><testsuite name="pytest" errors="0" failures="0" skipped="0" tests="19" time="4.310" timestamp="2026-02-05T00:10:25.205499+00:00" hostname="agent-env-56432d47-9392-4b86-b435-5634b335a7bf"><testcase classname="tests.test_p0_p1_verification.TestHealthEndpoints" name="test_api_health_check" time="2.195" /><testcase classname="tests.test_p0_p1_verification.TestHealthEndpoints" name="test_api_root" time="0.041" /><testcase classname="tests.test_p0_p1_verification.TestRLAgentP0" name="test_rl_agent_status_trained" time="0.037" /><testcase classname="tests.test_p0_p1_verification.TestRLAgentP0" name="test_rl_agent_can_predict" time="0.109" /><testcase classname="tests.test_p0_p1_verification.TestPredictionServices" name="test_prediction_services_status" time="0.036" /><testcase classname="tests.test_p0_p1_verification.TestPredictionServices" name="test_on_chain_analytics_status" time="0.039" /><testcase classname="tests.test_p0_p1_verification.TestPredictionServices" name="test_social_sentiment_status" time="0.037" /><testcase classname="tests.test_p0_p1_verification.TestPredictionServices" name="test_transformer_status" time="0.037" /><testcase classname="tests.test_p0_p1_verification.TestPredictionServices" name="test_cross_asset_status" time="0.040" /><testcase classname="tests.test_p0_p1_verification.TestPredictionServices" name="test_advanced_ta_status" time="0.050" /><testcase classname="tests.test_p0_p1_verification.TestAutoSpotScanner" name="test_auto_spot_scan_status" time="0.043" /><testcase classname="tests.test_p0_p1_verification.TestSpotTrading" name="test_spot_trading_status" time="0.336" /><testcase classname="tests.test_p0_p1_verification.TestSpotTrading" name="test_spot_pairs" time="0.534" /><testcase classname="tests.test_p0_p1_verification.TestTrainingDashboard" name="test_training_history" time="0.051" /><testcase classname="tests.test_p0_p1_verification.TestTrainingDashboard" name="test_training_scheduler_schedules" time="0.076" /><testcase classname="tests.test_p0_p1_verification.TestTrainingDashboard" name="test_learning_status" time="0.036" /><testcase classname="tests.test_p0_p1_verification.TestServerModularization" name="test_kraken_balance" time="0.377" /><testcase classname="tests.test_p0_p1_verification.TestServerModularization" name="test_isolated_portfolio" time="0.037" /><testcase classname="tests.test_p0_p1_verification.TestServerModularization" name="test_scheduler_status" time="0.042" /></testsuite></testsuites>