<?xml version="1.0" encoding="utf-8"?><testsuites name="pytest tests"><testsuite name="pytest" errors="0" failures="0" skipped="0" tests="19" time="0.934" timestamp="2026-02-04T05:11:36.456373+00:00" hostname="agent-env-de05d297-8ef0-4d8a-bf5f-cbdca3072066"><testcase classname="backend.tests.test_isolated_portfolio.TestIsolatedPortfolioAPI" name="test_health_check" time="0.062" /><testcase classname="backend.tests.test_isolated_portfolio.TestIsolatedPortfolioAPI" name="test_set_budget_500_with_real_trading" time="0.041" /><testcase classname="backend.tests.test_isolated_portfolio.TestIsolatedPortfolioAPI" name="test_get_budget_status" time="0.042" /><testcase classname="backend.tests.test_isolated_portfolio.TestIsolatedPortfolioAPI" name="test_verify_isolation" time="0.037" /><testcase classname="backend.tests.test_isolated_portfolio.TestIsolatedPortfolioAPI" name="test_can_trade_100_usd" time="0.039" /><testcase classname="backend.tests.test_isolated_portfolio.TestIsolatedPortfolioAPI" name="test_can_trade_exceeds_budget" time="0.078" /><testcase classname="backend.tests.test_isolated_portfolio.TestIsolatedPortfolioAPI" name="test_get_ai_positions" time="0.079" /><testcase classname="backend.tests.test_isolated_portfolio.TestIsolatedPortfolioAPI" name="test_get_transactions" time="0.039" /><testcase classname="backend.tests.test_isolated_portfolio.TestIsolatedPortfolioAPI" name="test_set_budget_zero_disables_trading" time="0.041" /><testcase classname="backend.tests.test_isolated_portfolio.TestIsolatedPortfolioAPI" name="test_set_budget_negative_rejected" time="0.077" /><testcase classname="backend.tests.test_isolated_portfolio.TestIsolatedPortfolioAPI" name="test_restore_budget_for_other_tests" time="0.042" /><testcase classname="backend.tests.test_isolated_portfolio.TestEmergencyStopFeature" name="test_emergency_stop_step_1_confirmation" time="0.036" /><testcase classname="backend.tests.test_isolated_portfolio.TestEmergencyStopFeature" name="test_emergency_stop_final_confirmation" time="0.042" /><testcase classname="backend.tests.test_isolated_portfolio.TestEmergencyStopFeature" name="test_emergency_status_shows_stopped" time="0.037" /><testcase classname="backend.tests.test_isolated_portfolio.TestEmergencyStopFeature" name="test_resume_trading" time="0.038" /><testcase classname="backend.tests.test_isolated_portfolio.TestEmergencyStopFeature" name="test_emergency_status_after_resume" time="0.034" /><testcase classname="backend.tests.test_isolated_portfolio.TestEmergencyStopFeature" name="test_invalid_confirmation_code_rejected" time="0.038" /><testcase classname="backend.tests.test_isolated_portfolio.TestTriggerEndpoints" name="test_triggers_list" time="0.039" /><testcase classname="backend.tests.test_isolated_portfolio.TestTriggerEndpoints" name="test_triggers_status" time="0.041" /></testsuite></testsuites>