<?xml version="1.0" encoding="utf-8"?><testsuites name="pytest tests"><testsuite name="pytest" errors="0" failures="0" skipped="1" tests="17" time="4.250" timestamp="2026-02-13T02:38:37.571929+00:00" hostname="agent-env-06e29a8b-85f4-43a2-8ce5-559162ddb02d"><testcase classname="tests.test_iteration44_features.TestErrorAlertingAPI" name="test_get_error_alerting_config" time="3.432" /><testcase classname="tests.test_iteration44_features.TestErrorAlertingAPI" name="test_get_error_alerting_status" time="0.044" /><testcase classname="tests.test_iteration44_features.TestErrorAlertingAPI" name="test_check_thresholds" time="0.043" /><testcase classname="tests.test_iteration44_features.TestErrorAlertingAPI" name="test_get_alert_history" time="0.045" /><testcase classname="tests.test_iteration44_features.TestErrorAlertingAPI" name="test_save_config" time="0.042" /><testcase classname="tests.test_iteration44_features.TestPerformanceMonitorAPI" name="test_get_performance_summary" time="0.048" /><testcase classname="tests.test_iteration44_features.TestPerformanceMonitorAPI" name="test_get_latency_history" time="0.048"><skipped type="pytest.skip" message="Latency endpoint returned 520 - known issue">/app/backend/tests/test_iteration44_features.py:145: Latency endpoint returned 520 - known issue</skipped></testcase><testcase classname="tests.test_iteration44_features.TestPerformanceMonitorAPI" name="test_get_cache_stats" time="0.042" /><testcase classname="tests.test_iteration44_features.TestPerformanceMonitorAPI" name="test_get_db_stats" time="0.039" /><testcase classname="tests.test_iteration44_features.TestPWAManifest" name="test_manifest_json" time="0.035" /><testcase classname="tests.test_iteration44_features.TestPWAManifest" name="test_service_worker_exists" time="0.034" /><testcase classname="tests.test_iteration44_features.TestExistingFeatures" name="test_health_endpoint" time="0.042" /><testcase classname="tests.test_iteration44_features.TestExistingFeatures" name="test_portfolio_summary" time="0.039" /><testcase classname="tests.test_iteration44_features.TestExistingFeatures" name="test_error_analytics_dashboard" time="0.082" /><testcase classname="tests.test_iteration44_features.TestExistingFeatures" name="test_adaptive_strategy_optimal" time="0.041" /><testcase classname="tests.test_iteration44_features.TestEmailDigestAlerts" name="test_email_digest_settings" time="0.047" /><testcase classname="tests.test_iteration44_features.TestEmailDigestAlerts" name="test_email_digest_history" time="0.080" /></testsuite></testsuites>