<?xml version="1.0" encoding="utf-8"?><testsuites name="pytest tests"><testsuite name="pytest" errors="0" failures="3" skipped="0" tests="11" time="0.725" timestamp="2026-02-12T19:56:53.459664+00:00" hostname="agent-env-4a729096-69fd-48dc-b642-ee1968370ec8"><testcase classname="tests.test_p1_p2_fixes_iteration43.TestOptimalStrategyAPI" name="test_optimal_strategy_returns_recommended_strategy" time="0.095" /><testcase classname="tests.test_p1_p2_fixes_iteration43.TestOptimalStrategyAPI" name="test_optimal_strategy_has_risk_level" time="0.047" /><testcase classname="tests.test_p1_p2_fixes_iteration43.TestOptimalStrategyAPI" name="test_optimal_strategy_has_current_regime" time="0.046" /><testcase classname="tests.test_p1_p2_fixes_iteration43.TestUniverseRebuildPersistence" name="test_universe_rebuild_state_endpoint" time="0.041" /><testcase classname="tests.test_p1_p2_fixes_iteration43.TestUniverseRebuildPersistence" name="test_ensemble_build_status_endpoint" time="0.041" /><testcase classname="tests.test_p1_p2_fixes_iteration43.TestSystemStatePersistence" name="test_get_all_states" time="0.043" /><testcase classname="tests.test_p1_p2_fixes_iteration43.TestSystemStatePersistence" name="test_get_specific_state" time="0.043" /><testcase classname="tests.test_p1_p2_fixes_iteration43.TestTrainingDoesNotInterfereWithTrading" name="test_training_status_independent" time="0.152" /><testcase classname="tests.test_p1_p2_fixes_iteration43.TestTrainingDoesNotInterfereWithTrading" name="test_training_progress_endpoint" time="0.038"><failure message="AssertionError: Missing is_training field&#10;assert 'is_training' in {'active_count': 0, 'tasks': []}">backend/tests/test_p1_p2_fixes_iteration43.py:194: in test_training_progress_endpoint
    assert "is_training" in data, "Missing is_training field"
E   AssertionError: Missing is_training field
E   assert 'is_training' in {'active_count': 0, 'tasks': []}</failure></testcase><testcase classname="tests.test_p1_p2_fixes_iteration43.TestAdaptiveStrategyVariants" name="test_regime_variants_endpoint" time="0.041"><failure message="AssertionError: Expected 200, got 404&#10;assert 404 == 200&#10; +  where 404 = &lt;Response [404]&gt;.status_code">backend/tests/test_p1_p2_fixes_iteration43.py:205: in test_regime_variants_endpoint
    assert response.status_code == 200, f"Expected 200, got {response.status_code}"
E   AssertionError: Expected 200, got 404
E   assert 404 == 200
E    +  where 404 = &lt;Response [404]&gt;.status_code</failure></testcase><testcase classname="tests.test_p1_p2_fixes_iteration43.TestAdaptiveStrategyVariants" name="test_current_regime_endpoint" time="0.041"><failure message="AssertionError: Expected 200, got 404&#10;assert 404 == 200&#10; +  where 404 = &lt;Response [404]&gt;.status_code">backend/tests/test_p1_p2_fixes_iteration43.py:229: in test_current_regime_endpoint
    assert response.status_code == 200, f"Expected 200, got {response.status_code}"
E   AssertionError: Expected 200, got 404
E   assert 404 == 200
E    +  where 404 = &lt;Response [404]&gt;.status_code</failure></testcase></testsuite></testsuites>