<?xml version="1.0" encoding="utf-8"?><testsuites name="pytest tests"><testsuite name="pytest" errors="0" failures="0" skipped="0" tests="11" time="7.733" timestamp="2026-02-13T23:54:48.826498+00:00" hostname="agent-env-ef4ee40b-a915-4735-b36d-a9b992c90965"><testcase classname="tests.test_iteration47_consolidated_services.TestConsolidatedServicesAPI" name="test_services_status_endpoint" time="4.651" /><testcase classname="tests.test_iteration47_consolidated_services.TestConsolidatedServicesAPI" name="test_ml_status_endpoint" time="0.194" /><testcase classname="tests.test_iteration47_consolidated_services.TestAIConfidenceExplanation" name="test_confidence_explain_btc" time="0.114" /><testcase classname="tests.test_iteration47_consolidated_services.TestAIConfidenceExplanation" name="test_confidence_explain_eth" time="0.275" /><testcase classname="tests.test_iteration47_consolidated_services.TestAIConfidenceExplanation" name="test_feature_importance_endpoint" time="0.136" /><testcase classname="tests.test_iteration47_consolidated_services.TestAIConfidenceExplanation" name="test_confidence_explain_status" time="0.173" /><testcase classname="tests.test_iteration47_consolidated_services.TestKrakenPortfolioData" name="test_spot_balance_endpoint" time="1.302" /><testcase classname="tests.test_iteration47_consolidated_services.TestKrakenPortfolioData" name="test_spot_pairs_endpoint" time="0.366" /><testcase classname="tests.test_iteration47_consolidated_services.TestKrakenPortfolioData" name="test_spot_pair_btc_details" time="0.127" /><testcase classname="tests.test_iteration47_consolidated_services.TestHealthAndBasicEndpoints" name="test_health_endpoint" time="0.211" /><testcase classname="tests.test_iteration47_consolidated_services.TestHealthAndBasicEndpoints" name="test_spot_status_endpoint" time="0.119" /></testsuite></testsuites>