<?xml version="1.0" encoding="utf-8"?><testsuites name="pytest tests"><testsuite name="pytest" errors="0" failures="0" skipped="0" tests="36" time="3.345" timestamp="2026-02-09T20:30:21.060898+00:00" hostname="agent-env-7066b9e0-590a-4cab-b9b6-3f2c771e8248"><testcase classname="backend.tests.test_p0_new_features.TestAdvancedOrders" name="test_get_orders_summary" time="0.788" /><testcase classname="backend.tests.test_p0_new_features.TestAdvancedOrders" name="test_create_trailing_stop" time="0.084" /><testcase classname="backend.tests.test_p0_new_features.TestAdvancedOrders" name="test_list_trailing_stops" time="0.043" /><testcase classname="backend.tests.test_p0_new_features.TestAdvancedOrders" name="test_create_dca_bot" time="0.040" /><testcase classname="backend.tests.test_p0_new_features.TestAdvancedOrders" name="test_list_dca_bots" time="0.041" /><testcase classname="backend.tests.test_p0_new_features.TestAdvancedOrders" name="test_create_oco_order" time="0.042" /><testcase classname="backend.tests.test_p0_new_features.TestAdvancedOrders" name="test_list_oco_orders" time="0.043" /><testcase classname="backend.tests.test_p0_new_features.TestDeFiWallet" name="test_get_supported_chains_protocols" time="0.040" /><testcase classname="backend.tests.test_p0_new_features.TestDeFiWallet" name="test_connect_wallet" time="0.042" /><testcase classname="backend.tests.test_p0_new_features.TestDeFiWallet" name="test_connect_wallet_invalid_address" time="0.035" /><testcase classname="backend.tests.test_p0_new_features.TestDeFiWallet" name="test_list_connected_wallets" time="0.043" /><testcase classname="backend.tests.test_p0_new_features.TestDeFiWallet" name="test_get_token_balances" time="0.040" /><testcase classname="backend.tests.test_p0_new_features.TestDeFiWallet" name="test_get_defi_positions" time="0.037" /><testcase classname="backend.tests.test_p0_new_features.TestDeFiWallet" name="test_get_portfolio_summary" time="0.039" /><testcase classname="backend.tests.test_p0_new_features.TestYieldFarming" name="test_get_yield_opportunities" time="0.038" /><testcase classname="backend.tests.test_p0_new_features.TestYieldFarming" name="test_get_opportunities_filtered_by_chain" time="0.038" /><testcase classname="backend.tests.test_p0_new_features.TestYieldFarming" name="test_get_opportunities_filtered_by_risk" time="0.037" /><testcase classname="backend.tests.test_p0_new_features.TestYieldFarming" name="test_deposit_to_vault" time="0.038" /><testcase classname="backend.tests.test_p0_new_features.TestYieldFarming" name="test_get_user_positions" time="0.040" /><testcase classname="backend.tests.test_p0_new_features.TestYieldFarming" name="test_get_vault_details" time="0.038" /><testcase classname="backend.tests.test_p0_new_features.TestPerpetualFutures" name="test_get_perpetual_markets" time="0.038" /><testcase classname="backend.tests.test_p0_new_features.TestPerpetualFutures" name="test_open_long_position" time="0.038" /><testcase classname="backend.tests.test_p0_new_features.TestPerpetualFutures" name="test_open_short_position" time="0.037" /><testcase classname="backend.tests.test_p0_new_features.TestPerpetualFutures" name="test_get_user_positions" time="0.045" /><testcase classname="backend.tests.test_p0_new_features.TestPerpetualFutures" name="test_get_funding_rates" time="0.039" /><testcase classname="backend.tests.test_p0_new_features.TestPerpetualFutures" name="test_get_account_info" time="0.040" /><testcase classname="backend.tests.test_p0_new_features.TestNewsSentiment" name="test_get_market_sentiment" time="0.968" /><testcase classname="backend.tests.test_p0_new_features.TestNewsSentiment" name="test_get_coin_sentiment_bitcoin" time="0.036" /><testcase classname="backend.tests.test_p0_new_features.TestNewsSentiment" name="test_get_coin_sentiment_ethereum" time="0.038" /><testcase classname="backend.tests.test_p0_new_features.TestNewsSentiment" name="test_get_coin_sentiment_with_analysis" time="0.039" /><testcase classname="backend.tests.test_p0_new_features.TestNavigationSidebar" name="test_frontend_loads" time="0.040" /><testcase classname="backend.tests.test_p0_new_features.TestNavigationSidebar" name="test_advanced_orders_page_loads" time="0.040" /><testcase classname="backend.tests.test_p0_new_features.TestNavigationSidebar" name="test_defi_wallet_page_loads" time="0.039" /><testcase classname="backend.tests.test_p0_new_features.TestNavigationSidebar" name="test_yield_farming_page_loads" time="0.041" /><testcase classname="backend.tests.test_p0_new_features.TestNavigationSidebar" name="test_perpetuals_page_loads" time="0.038" /><testcase classname="backend.tests.test_p0_new_features.TestNavigationSidebar" name="test_news_sentiment_page_loads" time="0.041" /></testsuite></testsuites>