<?xml version="1.0" encoding="utf-8"?><testsuites name="pytest tests"><testsuite name="pytest" errors="0" failures="1" skipped="0" tests="9" time="25.716" timestamp="2026-02-04T00:23:21.263670+00:00" hostname="agent-env-c2f5d336-31e5-41bb-b950-19b33568617b"><testcase classname="backend.tests.test_ohlcv_expansion_backtest.TestOHLCVExpansion" name="test_ohlcv_expansion_status" time="4.406"><failure message="assert 520 == 200&#10; +  where 520 = &lt;Response [520]&gt;.status_code">backend/tests/test_ohlcv_expansion_backtest.py:24: in test_ohlcv_expansion_status
    assert response.status_code == 200
E   assert 520 == 200
E    +  where 520 = &lt;Response [520]&gt;.status_code</failure></testcase><testcase classname="backend.tests.test_ohlcv_expansion_backtest.TestOHLCVExpansion" name="test_schedule_weekly_ohlcv_expansion" time="12.013" /><testcase classname="backend.tests.test_ohlcv_expansion_backtest.TestOHLCVExpansion" name="test_scheduler_status_shows_ohlcv_job" time="0.099" /><testcase classname="backend.tests.test_ohlcv_expansion_backtest.TestGemBacktesting" name="test_backtest_status_initial" time="0.046" /><testcase classname="backend.tests.test_ohlcv_expansion_backtest.TestGemBacktesting" name="test_backtest_history" time="0.058" /><testcase classname="backend.tests.test_ohlcv_expansion_backtest.TestGemBacktesting" name="test_start_backtest" time="0.043" /><testcase classname="backend.tests.test_ohlcv_expansion_backtest.TestGemBacktesting" name="test_backtest_completes" time="2.140" /><testcase classname="backend.tests.test_ohlcv_expansion_backtest.TestIntegration" name="test_expansion_progress_updates" time="4.655" /><testcase classname="backend.tests.test_ohlcv_expansion_backtest.TestIntegration" name="test_backtest_uses_ohlcv_data" time="2.150" /></testsuite></testsuites>