<?xml version="1.0" encoding="utf-8"?><testsuites name="pytest tests"><testsuite name="pytest" errors="0" failures="3" skipped="0" tests="13" time="0.746" timestamp="2026-02-04T07:07:02.095202+00:00" hostname="agent-env-d5a70682-da10-42c3-8766-67484e67d195"><testcase classname="backend.tests.test_portfolio_visualization_tasks.TestPortfolioVisualizationAPIs" name="test_portfolio_summary_endpoint" time="0.078" /><testcase classname="backend.tests.test_portfolio_visualization_tasks.TestPortfolioVisualizationAPIs" name="test_portfolio_composition_endpoint" time="0.045" /><testcase classname="backend.tests.test_portfolio_visualization_tasks.TestPortfolioVisualizationAPIs" name="test_portfolio_performance_history_default" time="0.040"><failure message="AssertionError: Expected 200, got 520: Internal Server Error&#10;assert 520 == 200&#10; +  where 520 = &lt;Response [520]&gt;.status_code">backend/tests/test_portfolio_visualization_tasks.py:82: in test_portfolio_performance_history_default
    assert response.status_code == 200, f"Expected 200, got {response.status_code}: {response.text}"
E   AssertionError: Expected 200, got 520: Internal Server Error
E   assert 520 == 200
E    +  where 520 = &lt;Response [520]&gt;.status_code</failure></testcase><testcase classname="backend.tests.test_portfolio_visualization_tasks.TestPortfolioVisualizationAPIs" name="test_portfolio_performance_history_time_ranges" time="0.042"><failure message="AssertionError: Expected 200 for range=1d, got 520&#10;assert 520 == 200&#10; +  where 520 = &lt;Response [520]&gt;.status_code">backend/tests/test_portfolio_visualization_tasks.py:115: in test_portfolio_performance_history_time_ranges
    assert response.status_code == 200, f"Expected 200 for range={time_range}, got {response.status_code}"
E   AssertionError: Expected 200 for range=1d, got 520
E   assert 520 == 200
E    +  where 520 = &lt;Response [520]&gt;.status_code</failure></testcase><testcase classname="backend.tests.test_portfolio_visualization_tasks.TestPortfolioVisualizationAPIs" name="test_portfolio_top_performers" time="0.040" /><testcase classname="backend.tests.test_portfolio_visualization_tasks.TestPortfolioVisualizationAPIs" name="test_portfolio_worst_performers" time="0.041" /><testcase classname="backend.tests.test_portfolio_visualization_tasks.TestBackgroundTasksAPIs" name="test_timeout_config_endpoint" time="0.040" /><testcase classname="backend.tests.test_portfolio_visualization_tasks.TestBackgroundTasksAPIs" name="test_active_tasks_endpoint" time="0.078" /><testcase classname="backend.tests.test_portfolio_visualization_tasks.TestBackgroundTasksAPIs" name="test_task_history_endpoint" time="0.042" /><testcase classname="backend.tests.test_portfolio_visualization_tasks.TestBackgroundTasksAPIs" name="test_task_history_with_limit" time="0.039" /><testcase classname="backend.tests.test_portfolio_visualization_tasks.TestBackgroundTasksAPIs" name="test_task_history_with_type_filter" time="0.038" /><testcase classname="backend.tests.test_portfolio_visualization_tasks.TestBackgroundTasksAPIs" name="test_task_history_invalid_type" time="0.078" /><testcase classname="backend.tests.test_portfolio_visualization_tasks.TestPortfolioSnapshotAPI" name="test_create_snapshot" time="0.033"><failure message="AssertionError: Expected 200, got 520: Internal Server Error&#10;assert 520 == 200&#10; +  where 520 = &lt;Response [520]&gt;.status_code">backend/tests/test_portfolio_visualization_tasks.py:276: in test_create_snapshot
    assert response.status_code == 200, f"Expected 200, got {response.status_code}: {response.text}"
E   AssertionError: Expected 200, got 520: Internal Server Error
E   assert 520 == 200
E    +  where 520 = &lt;Response [520]&gt;.status_code</failure></testcase></testsuite></testsuites>