<?xml version="1.0" encoding="utf-8"?><testsuites name="pytest tests"><testsuite name="pytest" errors="0" failures="0" skipped="0" tests="19" time="4.872" timestamp="2026-02-14T22:57:54.362877+00:00" hostname="agent-env-98fd8a97-dcbf-4a50-be1f-a85b584866f6"><testcase classname="tests.test_csrf_session_apikey.TestHealthEndpoints" name="test_health_basic" time="0.288" /><testcase classname="tests.test_csrf_session_apikey.TestHealthEndpoints" name="test_health_deep" time="0.322" /><testcase classname="tests.test_csrf_session_apikey.TestCSRFProtection" name="test_csrf_get_requests_no_token_required" time="0.132" /><testcase classname="tests.test_csrf_session_apikey.TestCSRFProtection" name="test_csrf_post_without_token_returns_403" time="0.128" /><testcase classname="tests.test_csrf_session_apikey.TestCSRFProtection" name="test_csrf_post_with_mismatched_token_returns_403" time="0.232" /><testcase classname="tests.test_csrf_session_apikey.TestCSRFProtection" name="test_csrf_post_with_valid_token_succeeds" time="0.180" /><testcase classname="tests.test_csrf_session_apikey.TestCSRFProtection" name="test_csrf_bypass_with_api_key" time="0.444" /><testcase classname="tests.test_csrf_session_apikey.TestSessionAuthentication" name="test_create_session" time="0.130" /><testcase classname="tests.test_csrf_session_apikey.TestSessionAuthentication" name="test_get_csrf_token" time="0.110" /><testcase classname="tests.test_csrf_session_apikey.TestSessionAuthentication" name="test_validate_session" time="0.284" /><testcase classname="tests.test_csrf_session_apikey.TestSessionAuthentication" name="test_revoke_session" time="0.298" /><testcase classname="tests.test_csrf_session_apikey.TestAPIKeyManagement" name="test_create_api_key" time="0.284" /><testcase classname="tests.test_csrf_session_apikey.TestAPIKeyManagement" name="test_list_api_keys" time="0.286" /><testcase classname="tests.test_csrf_session_apikey.TestAPIKeyManagement" name="test_validate_api_key" time="0.370" /><testcase classname="tests.test_csrf_session_apikey.TestAPIKeyManagement" name="test_revoke_api_key" time="0.431" /><testcase classname="tests.test_csrf_session_apikey.TestCSRFExemptPaths" name="test_session_creation_exempt" time="0.139" /><testcase classname="tests.test_csrf_session_apikey.TestCSRFExemptPaths" name="test_csrf_token_endpoint_exempt" time="0.124" /><testcase classname="tests.test_csrf_session_apikey.TestCSRFExemptPaths" name="test_health_endpoints_exempt" time="0.450" /><testcase classname="tests.test_csrf_session_apikey.TestProvidedAPIKey" name="test_provided_api_key_validation" time="0.161" /></testsuite></testsuites>