<?xml version="1.0" encoding="utf-8"?><testsuites name="pytest tests"><testsuite name="pytest" errors="0" failures="0" skipped="0" tests="27" time="62.220" timestamp="2026-02-03T23:38:54.267775+00:00" hostname="agent-env-c2f5d336-31e5-41bb-b950-19b33568617b"><testcase classname="backend.tests.test_p1_p2_p3_features.TestP1AITradingExecution" name="test_execute_trade_preview_buy_btc" time="0.710" /><testcase classname="backend.tests.test_p1_p2_p3_features.TestP1AITradingExecution" name="test_execute_trade_preview_sell_eth" time="0.268" /><testcase classname="backend.tests.test_p1_p2_p3_features.TestP1AITradingExecution" name="test_execute_trade_invalid_action" time="0.041" /><testcase classname="backend.tests.test_p1_p2_p3_features.TestP1AITradingExecution" name="test_execute_trade_unsupported_coin" time="0.041" /><testcase classname="backend.tests.test_p1_p2_p3_features.TestP1AITradingExecution" name="test_execute_trade_missing_amount" time="0.157" /><testcase classname="backend.tests.test_p1_p2_p3_features.TestP1AITradingExecution" name="test_trade_history_endpoint" time="0.049" /><testcase classname="backend.tests.test_p1_p2_p3_features.TestP1AITradingExecution" name="test_trade_history_with_limit" time="0.041" /><testcase classname="backend.tests.test_p1_p2_p3_features.TestP2AILearningLoop" name="test_learning_service_status" time="0.039" /><testcase classname="backend.tests.test_p1_p2_p3_features.TestP2AILearningLoop" name="test_store_prediction_price_direction" time="0.041" /><testcase classname="backend.tests.test_p1_p2_p3_features.TestP2AILearningLoop" name="test_store_prediction_gem_potential" time="0.042" /><testcase classname="backend.tests.test_p1_p2_p3_features.TestP2AILearningLoop" name="test_store_prediction_signal" time="0.044" /><testcase classname="backend.tests.test_p1_p2_p3_features.TestP2AILearningLoop" name="test_record_outcome_by_coin_and_type" time="0.080" /><testcase classname="backend.tests.test_p1_p2_p3_features.TestP2AILearningLoop" name="test_record_outcome_by_prediction_id" time="0.080" /><testcase classname="backend.tests.test_p1_p2_p3_features.TestP2AILearningLoop" name="test_model_performance_all_models" time="0.079" /><testcase classname="backend.tests.test_p1_p2_p3_features.TestP2AILearningLoop" name="test_model_performance_specific_model" time="0.042" /><testcase classname="backend.tests.test_p1_p2_p3_features.TestP2AILearningLoop" name="test_learning_insights" time="0.056" /><testcase classname="backend.tests.test_p1_p2_p3_features.TestP2AILearningLoop" name="test_training_feedback_all_models" time="0.041" /><testcase classname="backend.tests.test_p1_p2_p3_features.TestP2AILearningLoop" name="test_training_feedback_specific_model" time="0.040" /><testcase classname="backend.tests.test_p1_p2_p3_features.TestP3DailyOHLCVScheduling" name="test_scheduler_status" time="0.044" /><testcase classname="backend.tests.test_p1_p2_p3_features.TestP3DailyOHLCVScheduling" name="test_add_daily_ohlcv_update_job" time="0.039" /><testcase classname="backend.tests.test_p1_p2_p3_features.TestP3DailyOHLCVScheduling" name="test_add_daily_ohlcv_update_with_coins" time="0.042" /><testcase classname="backend.tests.test_p1_p2_p3_features.TestP3DailyOHLCVScheduling" name="test_run_ohlcv_update_now" time="42.234" /><testcase classname="backend.tests.test_p1_p2_p3_features.TestP3DailyOHLCVScheduling" name="test_run_ohlcv_update_specific_coins" time="15.886" /><testcase classname="backend.tests.test_p1_p2_p3_features.TestP3DailyOHLCVScheduling" name="test_verify_job_scheduled" time="0.112" /><testcase classname="backend.tests.test_p1_p2_p3_features.TestP3DailyOHLCVScheduling" name="test_scheduler_execution_history" time="0.042" /><testcase classname="backend.tests.test_p1_p2_p3_features.TestIntegrationFlows" name="test_prediction_to_outcome_flow" time="0.128" /><testcase classname="backend.tests.test_p1_p2_p3_features.TestIntegrationFlows" name="test_trade_preview_multiple_coins" time="1.596" /></testsuite></testsuites>