<?xml version="1.0" encoding="utf-8"?><testsuites name="pytest tests"><testsuite name="pytest" errors="0" failures="3" skipped="0" tests="18" time="204.006" timestamp="2026-02-04T01:52:39.440122+00:00" hostname="agent-env-287670ea-f320-4b5d-b0a4-9b4e8b49a8e2"><testcase classname="backend.tests.test_p1_p2_features.TestEventDatabaseEndpoints" name="test_events_database_stats" time="3.384"><failure message="assert 520 == 200&#10; +  where 520 = &lt;Response [520]&gt;.status_code">backend/tests/test_p1_p2_features.py:18: in test_events_database_stats
    assert response.status_code == 200
E   assert 520 == 200
E    +  where 520 = &lt;Response [520]&gt;.status_code</failure></testcase><testcase classname="backend.tests.test_p1_p2_features.TestEventDatabaseEndpoints" name="test_events_database_list" time="15.425" /><testcase classname="backend.tests.test_p1_p2_features.TestEventDatabaseEndpoints" name="test_events_database_list_with_filters" time="0.118" /><testcase classname="backend.tests.test_p1_p2_features.TestEventDatabaseEndpoints" name="test_events_database_search" time="0.044" /><testcase classname="backend.tests.test_p1_p2_features.TestEventDatabaseEndpoints" name="test_events_by_coin" time="0.049" /><testcase classname="backend.tests.test_p1_p2_features.TestEventDatabaseEndpoints" name="test_events_by_category" time="0.043" /><testcase classname="backend.tests.test_p1_p2_features.TestGemBacktestEndpoints" name="test_backtest_status" time="0.042" /><testcase classname="backend.tests.test_p1_p2_features.TestGemBacktestEndpoints" name="test_gem_scan_with_optimized_weights" time="0.756" /><testcase classname="backend.tests.test_p1_p2_features.TestGemBacktestEndpoints" name="test_gem_top_list" time="183.533"><failure message="AssertionError: assert 'gems' in {'generated_at': '2026-02-04T01:56:02.971579', 'potential_gems': [], 'top_gems': []}">backend/tests/test_p1_p2_features.py:153: in test_gem_top_list
    assert "gems" in data
E   AssertionError: assert 'gems' in {'generated_at': '2026-02-04T01:56:02.971579', 'potential_gems': [], 'top_gems': []}</failure></testcase><testcase classname="backend.tests.test_p1_p2_features.TestTriggerEndpoints" name="test_triggers_status" time="0.088" /><testcase classname="backend.tests.test_p1_p2_features.TestTriggerEndpoints" name="test_triggers_templates" time="0.041" /><testcase classname="backend.tests.test_p1_p2_features.TestTriggerEndpoints" name="test_triggers_list" time="0.044" /><testcase classname="backend.tests.test_p1_p2_features.TestAILearningLoopEndpoints" name="test_ai_learning_status" time="0.042" /><testcase classname="backend.tests.test_p1_p2_features.TestAILearningLoopEndpoints" name="test_ai_learning_model_performance" time="0.040" /><testcase classname="backend.tests.test_p1_p2_features.TestAILearningLoopEndpoints" name="test_ai_learning_insights" time="0.041" /><testcase classname="backend.tests.test_p1_p2_features.TestAILearningLoopEndpoints" name="test_ai_learning_training_feedback" time="0.043" /><testcase classname="backend.tests.test_p1_p2_features.TestHealthAndBasicEndpoints" name="test_health_check" time="0.080" /><testcase classname="backend.tests.test_p1_p2_features.TestHealthAndBasicEndpoints" name="test_market_overview" time="0.039"><failure message="assert 404 == 200&#10; +  where 404 = &lt;Response [404]&gt;.status_code">backend/tests/test_p1_p2_features.py:260: in test_market_overview
    assert response.status_code == 200
E   assert 404 == 200
E    +  where 404 = &lt;Response [404]&gt;.status_code</failure></testcase></testsuite></testsuites>