<?xml version="1.0" encoding="utf-8"?><testsuites name="pytest tests"><testsuite name="pytest" errors="0" failures="0" skipped="1" tests="13" time="43.253" timestamp="2026-02-01T21:25:32.409325+00:00" hostname="agent-env-d2b4fed6-c732-4a00-919e-9dcd010ecc34"><testcase classname="tests.test_notifications.TestNotificationAPIs" name="test_get_notifications" time="0.086" /><testcase classname="tests.test_notifications.TestNotificationAPIs" name="test_get_notification_settings" time="0.040" /><testcase classname="tests.test_notifications.TestNotificationAPIs" name="test_update_notification_settings" time="0.040" /><testcase classname="tests.test_notifications.TestNotificationAPIs" name="test_test_push_notification" time="0.038" /><testcase classname="tests.test_notifications.TestNotificationAPIs" name="test_test_sms_notification_without_twilio" time="0.039" /><testcase classname="tests.test_notifications.TestNotificationAPIs" name="test_mark_notification_read" time="0.077" /><testcase classname="tests.test_notifications.TestNotificationAPIs" name="test_mark_all_notifications_read" time="0.039" /><testcase classname="tests.test_notifications.TestAdvancedFeaturesAPIs" name="test_backtest_run" time="0.125"><skipped type="pytest.skip" message="Backtest endpoint has JSON serialization bug - needs main agent fix">/app/backend/tests/test_notifications.py:165: Backtest endpoint has JSON serialization bug - needs main agent fix</skipped></testcase><testcase classname="tests.test_notifications.TestAdvancedFeaturesAPIs" name="test_rebalance_calculate" time="0.040" /><testcase classname="tests.test_notifications.TestAdvancedFeaturesAPIs" name="test_social_leaderboard" time="0.038" /><testcase classname="tests.test_notifications.TestCoreAPIs" name="test_api_root" time="0.082" /><testcase classname="tests.test_notifications.TestCoreAPIs" name="test_auth_check_credentials" time="0.039" /><testcase classname="tests.test_notifications.TestCoreAPIs" name="test_market_prices" time="42.503" /></testsuite></testsuites>