<?xml version="1.0" encoding="utf-8"?><testsuites name="pytest tests"><testsuite name="pytest" errors="0" failures="0" skipped="0" tests="11" time="0.811" timestamp="2026-02-12T19:57:25.480077+00:00" hostname="agent-env-4a729096-69fd-48dc-b642-ee1968370ec8"><testcase classname="tests.test_p1_p2_fixes_iteration43.TestOptimalStrategyAPI" name="test_optimal_strategy_returns_recommended_strategy" time="0.124" /><testcase classname="tests.test_p1_p2_fixes_iteration43.TestOptimalStrategyAPI" name="test_optimal_strategy_has_risk_level" time="0.044" /><testcase classname="tests.test_p1_p2_fixes_iteration43.TestOptimalStrategyAPI" name="test_optimal_strategy_has_current_regime" time="0.050" /><testcase classname="tests.test_p1_p2_fixes_iteration43.TestUniverseRebuildPersistence" name="test_universe_rebuild_state_endpoint" time="0.052" /><testcase classname="tests.test_p1_p2_fixes_iteration43.TestUniverseRebuildPersistence" name="test_ensemble_build_status_endpoint" time="0.045" /><testcase classname="tests.test_p1_p2_fixes_iteration43.TestSystemStatePersistence" name="test_get_all_states" time="0.047" /><testcase classname="tests.test_p1_p2_fixes_iteration43.TestSystemStatePersistence" name="test_get_specific_state" time="0.046" /><testcase classname="tests.test_p1_p2_fixes_iteration43.TestTrainingDoesNotInterfereWithTrading" name="test_training_status_independent" time="0.198" /><testcase classname="tests.test_p1_p2_fixes_iteration43.TestTrainingDoesNotInterfereWithTrading" name="test_training_progress_endpoint" time="0.040" /><testcase classname="tests.test_p1_p2_fixes_iteration43.TestAdaptiveStrategyVariants" name="test_optimal_strategy_has_variant_id" time="0.039" /><testcase classname="tests.test_p1_p2_fixes_iteration43.TestAdaptiveStrategyVariants" name="test_optimal_strategy_regime_info" time="0.047" /></testsuite></testsuites>