<?xml version="1.0" encoding="utf-8"?><testsuites name="pytest tests"><testsuite name="pytest" errors="0" failures="1" skipped="0" tests="8" time="37.852" timestamp="2026-02-04T06:00:25.358639+00:00" hostname="agent-env-de05d297-8ef0-4d8a-bf5f-cbdca3072066"><testcase classname="backend.tests.test_trailing_stop_ml_dl.TestTrailingStopConfig" name="test_get_trailing_stop_config" time="5.102"><failure message="assert 520 == 200&#10; +  where 520 = &lt;Response [520]&gt;.status_code">backend/tests/test_trailing_stop_ml_dl.py:19: in test_get_trailing_stop_config
    assert response.status_code == 200
E   assert 520 == 200
E    +  where 520 = &lt;Response [520]&gt;.status_code</failure></testcase><testcase classname="backend.tests.test_trailing_stop_ml_dl.TestTrailingStopConfig" name="test_update_trailing_stop_config" time="15.322" /><testcase classname="backend.tests.test_trailing_stop_ml_dl.TestTrailingStopConfig" name="test_trailing_stop_config_validation" time="0.168" /><testcase classname="backend.tests.test_trailing_stop_ml_dl.TestTrailingStopPositions" name="test_get_positions_with_trailing_stop" time="1.349" /><testcase classname="backend.tests.test_trailing_stop_ml_dl.TestMLvsDLComparison" name="test_ml_vs_dl_comparison" time="0.040" /><testcase classname="backend.tests.test_trailing_stop_ml_dl.TestAllModels" name="test_get_all_models" time="0.040" /><testcase classname="backend.tests.test_trailing_stop_ml_dl.TestIntegration" name="test_automation_status_includes_trailing" time="0.044" /><testcase classname="backend.tests.test_trailing_stop_ml_dl.TestIntegration" name="test_regime_prediction_uses_best_model" time="15.679" /></testsuite></testsuites>