<?xml version="1.0" encoding="utf-8"?><testsuites name="pytest tests"><testsuite name="pytest" errors="0" failures="0" skipped="0" tests="24" time="4.237" timestamp="2026-02-13T17:19:51.700475+00:00" hostname="agent-env-06e29a8b-85f4-43a2-8ce5-559162ddb02d"><testcase classname="tests.test_iteration45_regression.TestHealthAndBasics" name="test_health_endpoint" time="0.219" /><testcase classname="tests.test_iteration45_regression.TestHealthAndBasics" name="test_frontend_accessible" time="0.138" /><testcase classname="tests.test_iteration45_regression.TestErrorAlertingAPI" name="test_get_error_alerting_config" time="0.171" /><testcase classname="tests.test_iteration45_regression.TestErrorAlertingAPI" name="test_get_error_alerting_status" time="0.178" /><testcase classname="tests.test_iteration45_regression.TestErrorAlertingAPI" name="test_check_thresholds" time="0.133" /><testcase classname="tests.test_iteration45_regression.TestErrorAlertingAPI" name="test_get_alert_history" time="0.132" /><testcase classname="tests.test_iteration45_regression.TestPerformanceMonitorAPI" name="test_perf_monitor_summary" time="0.193" /><testcase classname="tests.test_iteration45_regression.TestPerformanceMonitorAPI" name="test_perf_monitor_cache_stats" time="0.112" /><testcase classname="tests.test_iteration45_regression.TestPerformanceMonitorAPI" name="test_perf_monitor_db_stats" time="0.150" /><testcase classname="tests.test_iteration45_regression.TestPWAManifest" name="test_manifest_json_accessible" time="0.143" /><testcase classname="tests.test_iteration45_regression.TestPWAManifest" name="test_service_worker_accessible" time="0.122" /><testcase classname="tests.test_iteration45_regression.TestPortfolioAndDashboard" name="test_portfolio_summary" time="0.572" /><testcase classname="tests.test_iteration45_regression.TestPortfolioAndDashboard" name="test_kraken_balance" time="0.251" /><testcase classname="tests.test_iteration45_regression.TestAIEndpoints" name="test_enhanced_ai_status" time="0.197" /><testcase classname="tests.test_iteration45_regression.TestAIEndpoints" name="test_tethys_train_status" time="0.152" /><testcase classname="tests.test_iteration45_regression.TestAIEndpoints" name="test_learning_status" time="0.128" /><testcase classname="tests.test_iteration45_regression.TestTradingEndpoints" name="test_advanced_orders_endpoint" time="0.139" /><testcase classname="tests.test_iteration45_regression.TestTradingEndpoints" name="test_auto_exec_status" time="0.140" /><testcase classname="tests.test_iteration45_regression.TestTradingEndpoints" name="test_scanner_status" time="0.113" /><testcase classname="tests.test_iteration45_regression.TestTradingEndpoints" name="test_triggers_status" time="0.143" /><testcase classname="tests.test_iteration45_regression.TestEmailDigestEndpoints" name="test_email_digest_settings" time="0.191" /><testcase classname="tests.test_iteration45_regression.TestEmailDigestEndpoints" name="test_email_digest_history" time="0.154" /><testcase classname="tests.test_iteration45_regression.TestTriggerPerformance" name="test_triggers_status" time="0.143" /><testcase classname="tests.test_iteration45_regression.TestTriggerPerformance" name="test_notifications_endpoint" time="0.155" /></testsuite></testsuites>