<?xml version="1.0" encoding="utf-8"?><testsuites name="pytest tests"><testsuite name="pytest" errors="0" failures="0" skipped="0" tests="31" time="1.470" timestamp="2026-02-08T23:28:22.040651+00:00" hostname="agent-env-be8ce438-71f8-4a44-b4a5-469a1ba34bb8"><testcase classname="backend.tests.test_master_orchestrator.TestMasterOrchestratorStatus" name="test_get_status_returns_200" time="0.070" /><testcase classname="backend.tests.test_master_orchestrator.TestMasterOrchestratorStatus" name="test_status_contains_required_fields" time="0.043" /><testcase classname="backend.tests.test_master_orchestrator.TestMasterOrchestratorStatus" name="test_status_mode_is_valid" time="0.039" /><testcase classname="backend.tests.test_master_orchestrator.TestMasterOrchestratorStatus" name="test_status_stats_structure" time="0.035" /><testcase classname="backend.tests.test_master_orchestrator.TestMasterOrchestratorStartStop" name="test_stop_orchestrator" time="0.034" /><testcase classname="backend.tests.test_master_orchestrator.TestMasterOrchestratorStartStop" name="test_verify_stopped_status" time="0.072" /><testcase classname="backend.tests.test_master_orchestrator.TestMasterOrchestratorStartStop" name="test_start_orchestrator" time="0.038" /><testcase classname="backend.tests.test_master_orchestrator.TestMasterOrchestratorStartStop" name="test_start_when_already_running" time="0.066" /><testcase classname="backend.tests.test_master_orchestrator.TestMasterOrchestratorSetMode" name="test_set_mode_manual" time="0.040" /><testcase classname="backend.tests.test_master_orchestrator.TestMasterOrchestratorSetMode" name="test_set_mode_hybrid" time="0.036" /><testcase classname="backend.tests.test_master_orchestrator.TestMasterOrchestratorSetMode" name="test_set_mode_full_auto" time="0.033" /><testcase classname="backend.tests.test_master_orchestrator.TestMasterOrchestratorSetMode" name="test_verify_mode_persists" time="0.109" /><testcase classname="backend.tests.test_master_orchestrator.TestMasterOrchestratorSetLimits" name="test_set_max_position_limit" time="0.033" /><testcase classname="backend.tests.test_master_orchestrator.TestMasterOrchestratorSetLimits" name="test_set_max_daily_loss_limit" time="0.032" /><testcase classname="backend.tests.test_master_orchestrator.TestMasterOrchestratorSetLimits" name="test_set_multiple_limits" time="0.038" /><testcase classname="backend.tests.test_master_orchestrator.TestMasterOrchestratorSetLimits" name="test_set_small_trade_threshold" time="0.038" /><testcase classname="backend.tests.test_master_orchestrator.TestMasterOrchestratorDashboard" name="test_dashboard_returns_200" time="0.037" /><testcase classname="backend.tests.test_master_orchestrator.TestMasterOrchestratorDashboard" name="test_dashboard_contains_orchestrator_data" time="0.035" /><testcase classname="backend.tests.test_master_orchestrator.TestMasterOrchestratorDashboard" name="test_dashboard_contains_news_data" time="0.033" /><testcase classname="backend.tests.test_master_orchestrator.TestMasterOrchestratorDashboard" name="test_dashboard_contains_specialists_data" time="0.034" /><testcase classname="backend.tests.test_master_orchestrator.TestMasterOrchestratorDashboard" name="test_dashboard_contains_timestamp" time="0.034" /><testcase classname="backend.tests.test_master_orchestrator.TestMasterOrchestratorPending" name="test_pending_returns_200" time="0.039" /><testcase classname="backend.tests.test_master_orchestrator.TestMasterOrchestratorPending" name="test_pending_structure" time="0.036" /><testcase classname="backend.tests.test_master_orchestrator.TestMasterOrchestratorRisk" name="test_risk_returns_200" time="0.035" /><testcase classname="backend.tests.test_master_orchestrator.TestMasterOrchestratorRisk" name="test_risk_contains_pnl" time="0.032" /><testcase classname="backend.tests.test_master_orchestrator.TestMasterOrchestratorRisk" name="test_risk_contains_drawdown" time="0.034" /><testcase classname="backend.tests.test_master_orchestrator.TestMasterOrchestratorRisk" name="test_risk_contains_limits" time="0.035" /><testcase classname="backend.tests.test_master_orchestrator.TestMasterOrchestratorHistory" name="test_history_returns_200" time="0.040" /><testcase classname="backend.tests.test_master_orchestrator.TestMasterOrchestratorHistory" name="test_history_structure" time="0.034" /><testcase classname="backend.tests.test_master_orchestrator.TestMasterOrchestratorResetDaily" name="test_reset_daily_returns_200" time="0.038" /><testcase classname="backend.tests.test_master_orchestrator.TestMasterOrchestratorResetDaily" name="test_reset_daily_resets_pnl" time="0.146" /></testsuite></testsuites>