<?xml version="1.0" encoding="utf-8"?><testsuites name="pytest tests"><testsuite name="pytest" errors="0" failures="2" skipped="0" tests="27" time="3.711" timestamp="2026-02-14T20:26:19.023005+00:00" hostname="agent-env-2c90c5cf-698a-49e8-8732-9d6630e8b479"><testcase classname="tests.test_live_dashboard_apis.TestKrakenPortfolioAPI" name="test_portfolio_endpoint_returns_200" time="0.244" /><testcase classname="tests.test_live_dashboard_apis.TestKrakenPortfolioAPI" name="test_portfolio_returns_holdings" time="0.134" /><testcase classname="tests.test_live_dashboard_apis.TestKrakenPortfolioAPI" name="test_portfolio_returns_total_value" time="0.103"><failure message="AssertionError: Portfolio value should be positive&#10;assert 0 &gt; 0">tests/test_live_dashboard_apis.py:33: in test_portfolio_returns_total_value
    assert data["total_value_usd"] &gt; 0, "Portfolio value should be positive"
E   AssertionError: Portfolio value should be positive
E   assert 0 &gt; 0</failure></testcase><testcase classname="tests.test_live_dashboard_apis.TestKrakenPortfolioAPI" name="test_portfolio_returns_change_24h" time="0.108"><failure message="AssertionError: Response should contain 'change_24h'&#10;assert 'change_24h' in {'error': 'Kraken service not initialized', 'holdings': [], 'total_value_usd': 0}">tests/test_live_dashboard_apis.py:39: in test_portfolio_returns_change_24h
    assert "change_24h" in data, "Response should contain 'change_24h'"
E   AssertionError: Response should contain 'change_24h'
E   assert 'change_24h' in {'error': 'Kraken service not initialized', 'holdings': [], 'total_value_usd': 0}</failure></testcase><testcase classname="tests.test_live_dashboard_apis.TestKrakenPortfolioAPI" name="test_portfolio_holdings_structure" time="0.125" /><testcase classname="tests.test_live_dashboard_apis.TestAISignalsAPI" name="test_btc_signal_returns_200" time="0.125" /><testcase classname="tests.test_live_dashboard_apis.TestAISignalsAPI" name="test_eth_signal_returns_200" time="0.125" /><testcase classname="tests.test_live_dashboard_apis.TestAISignalsAPI" name="test_signal_returns_required_fields" time="0.127" /><testcase classname="tests.test_live_dashboard_apis.TestAISignalsAPI" name="test_signal_type_is_valid" time="0.118" /><testcase classname="tests.test_live_dashboard_apis.TestAISignalsAPI" name="test_confidence_is_valid_range" time="0.109" /><testcase classname="tests.test_live_dashboard_apis.TestAISignalsAPI" name="test_signal_has_components" time="0.137" /><testcase classname="tests.test_live_dashboard_apis.TestGrowthStatusAPI" name="test_growth_status_returns_200" time="0.124" /><testcase classname="tests.test_live_dashboard_apis.TestGrowthStatusAPI" name="test_growth_status_has_current_value" time="0.190" /><testcase classname="tests.test_live_dashboard_apis.TestGrowthStatusAPI" name="test_growth_status_has_target" time="0.129" /><testcase classname="tests.test_live_dashboard_apis.TestGrowthStatusAPI" name="test_growth_status_has_progress" time="0.122" /><testcase classname="tests.test_live_dashboard_apis.TestAIExplanationAPI" name="test_bitcoin_explanation_returns_200" time="0.149" /><testcase classname="tests.test_live_dashboard_apis.TestAIExplanationAPI" name="test_explanation_has_signal" time="0.123" /><testcase classname="tests.test_live_dashboard_apis.TestAIExplanationAPI" name="test_explanation_has_confidence" time="0.111" /><testcase classname="tests.test_live_dashboard_apis.TestAIExplanationAPI" name="test_explanation_has_summary" time="0.104" /><testcase classname="tests.test_live_dashboard_apis.TestAIExplanationAPI" name="test_explanation_has_risk_factors" time="0.230" /><testcase classname="tests.test_live_dashboard_apis.TestAIExplanationAPI" name="test_explanation_has_recommendation" time="0.122" /><testcase classname="tests.test_live_dashboard_apis.TestHealthEndpoint" name="test_health_returns_200" time="0.119" /><testcase classname="tests.test_live_dashboard_apis.TestMultipleSymbolSignals" name="test_signal_for_symbol[BTC]" time="0.115" /><testcase classname="tests.test_live_dashboard_apis.TestMultipleSymbolSignals" name="test_signal_for_symbol[ETH]" time="0.117" /><testcase classname="tests.test_live_dashboard_apis.TestMultipleSymbolSignals" name="test_signal_for_symbol[SOL]" time="0.170" /><testcase classname="tests.test_live_dashboard_apis.TestMultipleSymbolSignals" name="test_signal_for_symbol[DOT]" time="0.107" /><testcase classname="tests.test_live_dashboard_apis.TestMultipleSymbolSignals" name="test_signal_for_symbol[AAVE]" time="0.134" /></testsuite></testsuites>