<?xml version="1.0" encoding="utf-8"?><testsuites name="pytest tests"><testsuite name="pytest" errors="0" failures="4" skipped="0" tests="25" time="5.082" timestamp="2026-02-13T17:18:11.719489+00:00" hostname="agent-env-06e29a8b-85f4-43a2-8ce5-559162ddb02d"><testcase classname="tests.test_iteration45_regression.TestHealthAndBasics" name="test_health_endpoint" time="0.294" /><testcase classname="tests.test_iteration45_regression.TestHealthAndBasics" name="test_frontend_accessible" time="0.166" /><testcase classname="tests.test_iteration45_regression.TestErrorAlertingAPI" name="test_get_error_alerting_config" time="0.161" /><testcase classname="tests.test_iteration45_regression.TestErrorAlertingAPI" name="test_get_error_alerting_status" time="0.203" /><testcase classname="tests.test_iteration45_regression.TestErrorAlertingAPI" name="test_check_thresholds" time="0.226" /><testcase classname="tests.test_iteration45_regression.TestErrorAlertingAPI" name="test_get_alert_history" time="0.203" /><testcase classname="tests.test_iteration45_regression.TestPerformanceMonitorAPI" name="test_perf_monitor_summary" time="0.183" /><testcase classname="tests.test_iteration45_regression.TestPerformanceMonitorAPI" name="test_perf_monitor_cache_stats" time="0.133" /><testcase classname="tests.test_iteration45_regression.TestPerformanceMonitorAPI" name="test_perf_monitor_db_stats" time="0.215" /><testcase classname="tests.test_iteration45_regression.TestPWAManifest" name="test_manifest_json_accessible" time="0.118" /><testcase classname="tests.test_iteration45_regression.TestPWAManifest" name="test_service_worker_accessible" time="0.153" /><testcase classname="tests.test_iteration45_regression.TestPortfolioAndDashboard" name="test_portfolio_summary" time="0.689" /><testcase classname="tests.test_iteration45_regression.TestPortfolioAndDashboard" name="test_kraken_portfolio" time="0.159"><failure message="assert 404 == 200&#10; +  where 404 = &lt;Response [404]&gt;.status_code">backend/tests/test_iteration45_regression.py:180: in test_kraken_portfolio
    assert response.status_code == 200
E   assert 404 == 200
E    +  where 404 = &lt;Response [404]&gt;.status_code</failure></testcase><testcase classname="tests.test_iteration45_regression.TestPortfolioAndDashboard" name="test_global_market_data" time="0.128"><failure message="assert 404 == 200&#10; +  where 404 = &lt;Response [404]&gt;.status_code">backend/tests/test_iteration45_regression.py:188: in test_global_market_data
    assert response.status_code == 200
E   assert 404 == 200
E    +  where 404 = &lt;Response [404]&gt;.status_code</failure></testcase><testcase classname="tests.test_iteration45_regression.TestAIEndpoints" name="test_enhanced_ai_status" time="0.156" /><testcase classname="tests.test_iteration45_regression.TestAIEndpoints" name="test_tethys_train_status" time="0.157" /><testcase classname="tests.test_iteration45_regression.TestAIEndpoints" name="test_learning_status" time="0.311" /><testcase classname="tests.test_iteration45_regression.TestTradingEndpoints" name="test_advanced_orders_endpoint" time="0.224" /><testcase classname="tests.test_iteration45_regression.TestTradingEndpoints" name="test_auto_exec_status" time="0.155" /><testcase classname="tests.test_iteration45_regression.TestTradingEndpoints" name="test_scanner_status" time="0.141" /><testcase classname="tests.test_iteration45_regression.TestTradingEndpoints" name="test_backtest_status" time="0.179"><failure message="assert 404 == 200&#10; +  where 404 = &lt;Response [404]&gt;.status_code">backend/tests/test_iteration45_regression.py:251: in test_backtest_status
    assert response.status_code == 200
E   assert 404 == 200
E    +  where 404 = &lt;Response [404]&gt;.status_code</failure></testcase><testcase classname="tests.test_iteration45_regression.TestEmailDigestEndpoints" name="test_email_digest_settings" time="0.127" /><testcase classname="tests.test_iteration45_regression.TestEmailDigestEndpoints" name="test_email_digest_history" time="0.152" /><testcase classname="tests.test_iteration45_regression.TestTriggerPerformance" name="test_event_triggers_status" time="0.109"><failure message="assert 404 == 200&#10; +  where 404 = &lt;Response [404]&gt;.status_code">backend/tests/test_iteration45_regression.py:284: in test_event_triggers_status
    assert response.status_code == 200
E   assert 404 == 200
E    +  where 404 = &lt;Response [404]&gt;.status_code</failure></testcase><testcase classname="tests.test_iteration45_regression.TestTriggerPerformance" name="test_notifications_endpoint" time="0.236" /></testsuite></testsuites>