<?xml version="1.0" encoding="utf-8"?><testsuites name="pytest tests"><testsuite name="pytest" errors="0" failures="0" skipped="2" tests="17" time="2.720" timestamp="2026-02-14T20:42:02.935195+00:00" hostname="agent-env-2c90c5cf-698a-49e8-8732-9d6630e8b479"><testcase classname="tests.test_iteration49_auth_features.TestHealthAndBasicEndpoints" name="test_health_endpoint" time="0.191" /><testcase classname="tests.test_iteration49_auth_features.TestHealthAndBasicEndpoints" name="test_auth_me_unauthenticated" time="0.128" /><testcase classname="tests.test_iteration49_auth_features.TestTwoFactorAuthEndpoints" name="test_2fa_setup_unauthenticated" time="0.188" /><testcase classname="tests.test_iteration49_auth_features.TestTwoFactorAuthEndpoints" name="test_2fa_verify_unauthenticated" time="0.153" /><testcase classname="tests.test_iteration49_auth_features.TestTwoFactorAuthEndpoints" name="test_2fa_disable_unauthenticated" time="0.122" /><testcase classname="tests.test_iteration49_auth_features.TestOnboardingEndpoints" name="test_onboarding_complete_unauthenticated" time="0.102" /><testcase classname="tests.test_iteration49_auth_features.TestSessionManagement" name="test_sessions_unauthenticated" time="0.392" /><testcase classname="tests.test_iteration49_auth_features.TestSessionManagement" name="test_revoke_all_sessions_unauthenticated" time="0.164" /><testcase classname="tests.test_iteration49_auth_features.TestSessionManagement" name="test_logout_endpoint" time="0.138" /><testcase classname="tests.test_iteration49_auth_features.TestAISignalsEndpoints" name="test_ai_signals_btc" time="0.110" /><testcase classname="tests.test_iteration49_auth_features.TestAISignalsEndpoints" name="test_ai_signals_eth" time="0.142" /><testcase classname="tests.test_iteration49_auth_features.TestAISignalsEndpoints" name="test_ai_signals_sol" time="0.148" /><testcase classname="tests.test_iteration49_auth_features.TestPortfolioEndpoints" name="test_kraken_portfolio" time="0.115"><skipped type="pytest.skip" message="Kraken service not initialized - transient issue">/app/backend/tests/test_iteration49_auth_features.py:181: Kraken service not initialized - transient issue</skipped></testcase><testcase classname="tests.test_iteration49_auth_features.TestPortfolioEndpoints" name="test_portfolio_has_real_data" time="0.110"><skipped type="pytest.skip" message="Kraken service not initialized - transient issue">/app/backend/tests/test_iteration49_auth_features.py:204: Kraken service not initialized - transient issue</skipped></testcase><testcase classname="tests.test_iteration49_auth_features.TestSessionExchange" name="test_session_exchange_invalid" time="0.229" /><testcase classname="tests.test_iteration49_auth_features.TestLiveDashboardAPIs" name="test_growth_status" time="0.117" /><testcase classname="tests.test_iteration49_auth_features.TestLiveDashboardAPIs" name="test_ai_explain_signal" time="0.108" /></testsuite></testsuites>