<?xml version="1.0" encoding="utf-8"?><testsuites name="pytest tests"><testsuite name="pytest" errors="0" failures="0" skipped="0" tests="37" time="44.704" timestamp="2026-02-04T07:23:33.780344+00:00" hostname="agent-env-d5a70682-da10-42c3-8766-67484e67d195"><testcase classname="backend.tests.test_kraken_api.TestKrakenStatus" name="test_kraken_status_connected" time="0.864" /><testcase classname="backend.tests.test_kraken_api.TestKrakenStatus" name="test_kraken_status_authenticated" time="0.306" /><testcase classname="backend.tests.test_kraken_api.TestKrakenStatus" name="test_kraken_status_trading_enabled" time="0.365" /><testcase classname="backend.tests.test_kraken_api.TestKrakenStatus" name="test_kraken_status_has_btc_price" time="0.310" /><testcase classname="backend.tests.test_kraken_api.TestKrakenStatus" name="test_kraken_status_has_isolated_budget" time="0.303" /><testcase classname="backend.tests.test_kraken_api.TestKrakenBalance" name="test_kraken_balance_returns_200" time="0.218" /><testcase classname="backend.tests.test_kraken_api.TestKrakenBalance" name="test_kraken_balance_has_balances" time="0.317" /><testcase classname="backend.tests.test_kraken_api.TestKrakenBalance" name="test_kraken_balance_has_btc" time="0.213" /><testcase classname="backend.tests.test_kraken_api.TestKrakenBalance" name="test_kraken_balance_has_eth" time="0.330" /><testcase classname="backend.tests.test_kraken_api.TestKrakenBalance" name="test_kraken_balance_has_sol" time="0.284" /><testcase classname="backend.tests.test_kraken_api.TestKrakenBalance" name="test_kraken_balance_has_dot" time="0.309" /><testcase classname="backend.tests.test_kraken_api.TestKrakenBalance" name="test_kraken_balance_has_xrp" time="0.269" /><testcase classname="backend.tests.test_kraken_api.TestKrakenBalance" name="test_kraken_balance_total_currencies" time="0.245" /><testcase classname="backend.tests.test_kraken_api.TestKrakenTicker" name="test_btc_ticker_returns_200" time="0.130" /><testcase classname="backend.tests.test_kraken_api.TestKrakenTicker" name="test_btc_ticker_has_price" time="0.140" /><testcase classname="backend.tests.test_kraken_api.TestKrakenTicker" name="test_btc_ticker_has_bid_ask" time="0.110" /><testcase classname="backend.tests.test_kraken_api.TestKrakenTicker" name="test_btc_ticker_has_volume" time="0.123" /><testcase classname="backend.tests.test_kraken_api.TestKrakenTicker" name="test_eth_ticker_returns_200" time="0.110" /><testcase classname="backend.tests.test_kraken_api.TestKrakenAutoTrader" name="test_auto_trader_initialized" time="35.026" /><testcase classname="backend.tests.test_kraken_api.TestKrakenAutoTrader" name="test_auto_trader_kraken_connected" time="0.366" /><testcase classname="backend.tests.test_kraken_api.TestKrakenAutoTrader" name="test_auto_trader_ai_trainer_connected" time="0.332" /><testcase classname="backend.tests.test_kraken_api.TestKrakenAutoTrader" name="test_auto_trader_gem_finder_connected" time="0.312" /><testcase classname="backend.tests.test_kraken_api.TestKrakenAutoTrader" name="test_auto_trader_adaptive_strategy_connected" time="0.318" /><testcase classname="backend.tests.test_kraken_api.TestKrakenAutoTrader" name="test_auto_trader_regime_predictor_connected" time="0.314" /><testcase classname="backend.tests.test_kraken_api.TestKrakenAutoTrader" name="test_auto_trader_isolated_portfolio_connected" time="0.319" /><testcase classname="backend.tests.test_kraken_api.TestKrakenAutoTrader" name="test_auto_trader_balance_isolated" time="0.593" /><testcase classname="backend.tests.test_kraken_api.TestKrakenAutoTrader" name="test_auto_trader_balance_500_budget" time="0.311" /><testcase classname="backend.tests.test_kraken_api.TestKrakenAutoTrader" name="test_auto_trader_real_trading_enabled" time="0.320" /><testcase classname="backend.tests.test_kraken_api.TestKrakenAutoTrader" name="test_auto_trader_ml_prediction" time="0.377" /><testcase classname="backend.tests.test_kraken_api.TestKrakenSupportedPairs" name="test_supported_pairs_returns_200" time="0.040" /><testcase classname="backend.tests.test_kraken_api.TestKrakenSupportedPairs" name="test_supported_pairs_count_30" time="0.042" /><testcase classname="backend.tests.test_kraken_api.TestKrakenSupportedPairs" name="test_supported_pairs_has_bitcoin" time="0.036" /><testcase classname="backend.tests.test_kraken_api.TestKrakenSupportedPairs" name="test_supported_pairs_has_ethereum" time="0.038" /><testcase classname="backend.tests.test_kraken_api.TestKrakenSupportedPairs" name="test_supported_pairs_has_solana" time="0.038" /><testcase classname="backend.tests.test_kraken_api.TestKrakenOpenOrders" name="test_open_orders_returns_200" time="0.257" /><testcase classname="backend.tests.test_kraken_api.TestKrakenOpenOrders" name="test_open_orders_has_orders_field" time="0.223" /><testcase classname="backend.tests.test_kraken_api.TestKrakenOpenOrders" name="test_open_orders_has_count" time="0.272" /></testsuite></testsuites>