<?xml version="1.0" encoding="utf-8"?><testsuites name="pytest tests"><testsuite name="pytest" errors="0" failures="1" skipped="1" tests="17" time="1.575" timestamp="2026-02-13T02:38:24.726351+00:00" hostname="agent-env-06e29a8b-85f4-43a2-8ce5-559162ddb02d"><testcase classname="tests.test_iteration44_features.TestErrorAlertingAPI" name="test_get_error_alerting_config" time="0.123" /><testcase classname="tests.test_iteration44_features.TestErrorAlertingAPI" name="test_get_error_alerting_status" time="0.046" /><testcase classname="tests.test_iteration44_features.TestErrorAlertingAPI" name="test_check_thresholds" time="0.046" /><testcase classname="tests.test_iteration44_features.TestErrorAlertingAPI" name="test_get_alert_history" time="0.046" /><testcase classname="tests.test_iteration44_features.TestErrorAlertingAPI" name="test_save_config" time="0.045" /><testcase classname="tests.test_iteration44_features.TestPerformanceMonitorAPI" name="test_get_performance_summary" time="0.085" /><testcase classname="tests.test_iteration44_features.TestPerformanceMonitorAPI" name="test_get_latency_history" time="0.042"><skipped type="pytest.skip" message="Latency endpoint returned 520 - known issue">/app/backend/tests/test_iteration44_features.py:145: Latency endpoint returned 520 - known issue</skipped></testcase><testcase classname="tests.test_iteration44_features.TestPerformanceMonitorAPI" name="test_get_cache_stats" time="0.042" /><testcase classname="tests.test_iteration44_features.TestPerformanceMonitorAPI" name="test_get_db_stats" time="0.040" /><testcase classname="tests.test_iteration44_features.TestPWAManifest" name="test_manifest_json" time="0.036" /><testcase classname="tests.test_iteration44_features.TestPWAManifest" name="test_service_worker_exists" time="0.036" /><testcase classname="tests.test_iteration44_features.TestExistingFeatures" name="test_health_endpoint" time="0.037" /><testcase classname="tests.test_iteration44_features.TestExistingFeatures" name="test_portfolio_summary" time="0.647"><failure message="AssertionError: assert ('total_value' in {'allocated': True, 'initial_budget': 330.21, 'current_value': 347.57, 'cash_available': 0, 'total_pnl': 17.37, 'total_pnl_pct': 5.26, 'positions_count': 10, 'gems_count': 0, 'trades_executed': 20, 'best_performer': {'coin_id': 'ETH', 'pnl_pct': 8.5, 'value': 90.02}, 'worst_performer': {'coin_id': 'USDG', 'pnl_pct': -2.1, 'value': 1.02}, 'avg_position_size': 34.76, 'real_trading_enabled': True, 'source': 'kraken'} or 'portfolio_value' in {'allocated': True, 'initial_budget': 330.21, 'current_value': 347.57, 'cash_available': 0, 'total_pnl': 17.37, 'total_pnl_pct': 5.26, 'positions_count': 10, 'gems_count': 0, 'trades_executed': 20, 'best_performer': {'coin_id': 'ETH', 'pnl_pct': 8.5, 'value': 90.02}, 'worst_performer': {'coin_id': 'USDG', 'pnl_pct': -2.1, 'value': 1.02}, 'avg_position_size': 34.76, 'real_trading_enabled': True, 'source': 'kraken'} or 'message' in {'allocated': True, 'initial_budget': 330.21, 'current_value': 347.57, 'cash_available': 0, 'total_pnl': 17.37, 'total_pnl_pct': 5.26, 'positions_count': 10, 'gems_count': 0, 'trades_executed': 20, 'best_performer': {'coin_id': 'ETH', 'pnl_pct': 8.5, 'value': 90.02}, 'worst_performer': {'coin_id': 'USDG', 'pnl_pct': -2.1, 'value': 1.02}, 'avg_position_size': 34.76, 'real_trading_enabled': True, 'source': 'kraken'})">backend/tests/test_iteration44_features.py:244: in test_portfolio_summary
    assert "total_value" in data or "portfolio_value" in data or "message" in data
E   AssertionError: assert ('total_value' in {'allocated': True, 'initial_budget': 330.21, 'current_value': 347.57, 'cash_available': 0, 'total_pnl': 17.37, 'total_pnl_pct': 5.26, 'positions_count': 10, 'gems_count': 0, 'trades_executed': 20, 'best_performer': {'coin_id': 'ETH', 'pnl_pct': 8.5, 'value': 90.02}, 'worst_performer': {'coin_id': 'USDG', 'pnl_pct': -2.1, 'value': 1.02}, 'avg_position_size': 34.76, 'real_trading_enabled': True, 'source': 'kraken'} or 'portfolio_value' in {'allocated': True, 'initial_budget': 330.21, 'current_value': 347.57, 'cash_available': 0, 'total_pnl': 17.37, 'total_pnl_pct': 5.26, 'positions_count': 10, 'gems_count': 0, 'trades_executed': 20, 'best_performer': {'coin_id': 'ETH', 'pnl_pct': 8.5, 'value': 90.02}, 'worst_performer': {'coin_id': 'USDG', 'pnl_pct': -2.1, 'value': 1.02}, 'avg_position_size': 34.76, 'real_trading_enabled': True, 'source': 'kraken'} or 'message' in {'allocated': True, 'initial_budget': 330.21, 'current_value': 347.57, 'cash_available': 0, 'total_pnl': 17.37, 'total_pnl_pct': 5.26, 'positions_count': 10, 'gems_count': 0, 'trades_executed': 20, 'best_performer': {'coin_id': 'ETH', 'pnl_pct': 8.5, 'value': 90.02}, 'worst_performer': {'coin_id': 'USDG', 'pnl_pct': -2.1, 'value': 1.02}, 'avg_position_size': 34.76, 'real_trading_enabled': True, 'source': 'kraken'})</failure></testcase><testcase classname="tests.test_iteration44_features.TestExistingFeatures" name="test_error_analytics_dashboard" time="0.086" /><testcase classname="tests.test_iteration44_features.TestExistingFeatures" name="test_adaptive_strategy_optimal" time="0.049" /><testcase classname="tests.test_iteration44_features.TestEmailDigestAlerts" name="test_email_digest_settings" time="0.041" /><testcase classname="tests.test_iteration44_features.TestEmailDigestAlerts" name="test_email_digest_history" time="0.039" /></testsuite></testsuites>