<?xml version="1.0" encoding="utf-8"?><testsuites name="pytest tests"><testsuite name="pytest" errors="0" failures="0" skipped="0" tests="13" time="0.893" timestamp="2026-02-04T07:07:55.913174+00:00" hostname="agent-env-d5a70682-da10-42c3-8766-67484e67d195"><testcase classname="backend.tests.test_portfolio_visualization_tasks.TestPortfolioVisualizationAPIs" name="test_portfolio_summary_endpoint" time="0.086" /><testcase classname="backend.tests.test_portfolio_visualization_tasks.TestPortfolioVisualizationAPIs" name="test_portfolio_composition_endpoint" time="0.043" /><testcase classname="backend.tests.test_portfolio_visualization_tasks.TestPortfolioVisualizationAPIs" name="test_portfolio_performance_history_default" time="0.097" /><testcase classname="backend.tests.test_portfolio_visualization_tasks.TestPortfolioVisualizationAPIs" name="test_portfolio_performance_history_time_ranges" time="0.221" /><testcase classname="backend.tests.test_portfolio_visualization_tasks.TestPortfolioVisualizationAPIs" name="test_portfolio_top_performers" time="0.042" /><testcase classname="backend.tests.test_portfolio_visualization_tasks.TestPortfolioVisualizationAPIs" name="test_portfolio_worst_performers" time="0.043" /><testcase classname="backend.tests.test_portfolio_visualization_tasks.TestBackgroundTasksAPIs" name="test_timeout_config_endpoint" time="0.044" /><testcase classname="backend.tests.test_portfolio_visualization_tasks.TestBackgroundTasksAPIs" name="test_active_tasks_endpoint" time="0.042" /><testcase classname="backend.tests.test_portfolio_visualization_tasks.TestBackgroundTasksAPIs" name="test_task_history_endpoint" time="0.043" /><testcase classname="backend.tests.test_portfolio_visualization_tasks.TestBackgroundTasksAPIs" name="test_task_history_with_limit" time="0.035" /><testcase classname="backend.tests.test_portfolio_visualization_tasks.TestBackgroundTasksAPIs" name="test_task_history_with_type_filter" time="0.038" /><testcase classname="backend.tests.test_portfolio_visualization_tasks.TestBackgroundTasksAPIs" name="test_task_history_invalid_type" time="0.038" /><testcase classname="backend.tests.test_portfolio_visualization_tasks.TestPortfolioSnapshotAPI" name="test_create_snapshot" time="0.062" /></testsuite></testsuites>