<?xml version="1.0" encoding="utf-8"?><testsuites name="pytest tests"><testsuite name="pytest" errors="0" failures="0" skipped="0" tests="14" time="4.929" timestamp="2026-02-07T21:36:49.336281+00:00" hostname="agent-env-7ce2d7b9-c7ba-449e-9c98-198e3baf45f9"><testcase classname="backend.tests.test_tethys_portfolio_regression.TestHealthAndBasics" name="test_health_endpoint" time="0.612" /><testcase classname="backend.tests.test_tethys_portfolio_regression.TestKrakenPortfolio" name="test_kraken_portfolio_endpoint" time="0.576" /><testcase classname="backend.tests.test_tethys_portfolio_regression.TestTethysSentiment" name="test_market_sentiment_endpoint" time="0.288" /><testcase classname="backend.tests.test_tethys_portfolio_regression.TestTethysSentiment" name="test_fear_greed_endpoint" time="0.044" /><testcase classname="backend.tests.test_tethys_portfolio_regression.TestTethysSentiment" name="test_news_endpoint" time="0.183" /><testcase classname="backend.tests.test_tethys_portfolio_regression.TestTethysSentiment" name="test_coin_sentiment_endpoint" time="0.034" /><testcase classname="backend.tests.test_tethys_portfolio_regression.TestTethysTraining" name="test_training_status_endpoint" time="2.680" /><testcase classname="backend.tests.test_tethys_portfolio_regression.TestTethysTraining" name="test_training_dashboard_endpoint" time="0.062" /><testcase classname="backend.tests.test_tethys_portfolio_regression.TestTethysTradingDashboard" name="test_trading_dashboard_endpoint" time="0.040" /><testcase classname="backend.tests.test_tethys_portfolio_regression.TestTethysTradingDashboard" name="test_tethys_dashboard_endpoint" time="0.035" /><testcase classname="backend.tests.test_tethys_portfolio_regression.TestTethysRisk" name="test_risk_limits_endpoint" time="0.077" /><testcase classname="backend.tests.test_tethys_portfolio_regression.TestTethysRisk" name="test_tethys_status_endpoint" time="0.034" /><testcase classname="backend.tests.test_tethys_portfolio_regression.TestScannerAndPortfolio" name="test_scanner_quick_scan" time="0.040" /><testcase classname="backend.tests.test_tethys_portfolio_regression.TestScannerAndPortfolio" name="test_portfolio_endpoint" time="0.035" /></testsuite></testsuites>