<?xml version="1.0" encoding="utf-8"?><testsuites name="pytest tests"><testsuite name="pytest" errors="0" failures="0" skipped="0" tests="16" time="13.347" timestamp="2026-02-03T23:14:42.046046+00:00" hostname="agent-env-c2f5d336-31e5-41bb-b950-19b33568617b"><testcase classname="backend.tests.test_historical_data.TestHistoricalDataService" name="test_service_status" time="0.119" /><testcase classname="backend.tests.test_historical_data.TestHistoricalDataService" name="test_download_status" time="0.041" /><testcase classname="backend.tests.test_historical_data.TestHistoricalDataService" name="test_storage_stats" time="0.077" /><testcase classname="backend.tests.test_historical_data.TestCryptoCompareAPI" name="test_fetch_daily_ohlcv_btc" time="0.534" /><testcase classname="backend.tests.test_historical_data.TestCryptoCompareAPI" name="test_fetch_daily_ohlcv_eth" time="0.494" /><testcase classname="backend.tests.test_historical_data.TestCryptoCompareAPI" name="test_fetch_hourly_ohlcv_btc" time="0.519" /><testcase classname="backend.tests.test_historical_data.TestCryptoCompareAPI" name="test_fetch_hourly_ohlcv_sol" time="0.515" /><testcase classname="backend.tests.test_historical_data.TestHistoricalDataDownload" name="test_download_single_coin" time="1.375" /><testcase classname="backend.tests.test_historical_data.TestHistoricalDataDownload" name="test_start_batch_download" time="3.104" /><testcase classname="backend.tests.test_historical_data.TestStoredCoinData" name="test_get_stored_coin_data_btc" time="0.044" /><testcase classname="backend.tests.test_historical_data.TestStoredCoinData" name="test_get_stored_coin_data_eth" time="0.046" /><testcase classname="backend.tests.test_historical_data.TestStoredCoinData" name="test_get_stored_coin_data_nonexistent" time="0.044" /><testcase classname="backend.tests.test_historical_data.TestAITrainingOnOHLCV" name="test_train_ohlcv_start" time="0.040" /><testcase classname="backend.tests.test_historical_data.TestAITrainingOnOHLCV" name="test_deep_training_status" time="0.041" /><testcase classname="backend.tests.test_historical_data.TestAITrainingOnOHLCV" name="test_wait_for_training_completion" time="5.120" /><testcase classname="backend.tests.test_historical_data.TestTrainingData" name="test_get_training_data" time="1.150" /></testsuite></testsuites>