<?xml version="1.0" encoding="utf-8"?><testsuites name="pytest tests"><testsuite name="pytest" errors="0" failures="2" skipped="0" tests="13" time="1.610" timestamp="2026-02-01T21:24:29.771141+00:00" hostname="agent-env-d2b4fed6-c732-4a00-919e-9dcd010ecc34"><testcase classname="tests.test_notifications.TestNotificationAPIs" name="test_get_notifications" time="0.091" /><testcase classname="tests.test_notifications.TestNotificationAPIs" name="test_get_notification_settings" time="0.044" /><testcase classname="tests.test_notifications.TestNotificationAPIs" name="test_update_notification_settings" time="0.046" /><testcase classname="tests.test_notifications.TestNotificationAPIs" name="test_test_push_notification" time="0.047" /><testcase classname="tests.test_notifications.TestNotificationAPIs" name="test_test_sms_notification_without_twilio" time="0.037" /><testcase classname="tests.test_notifications.TestNotificationAPIs" name="test_mark_notification_read" time="0.093" /><testcase classname="tests.test_notifications.TestNotificationAPIs" name="test_mark_all_notifications_read" time="0.039" /><testcase classname="tests.test_notifications.TestAdvancedFeaturesAPIs" name="test_backtest_run" time="0.277"><failure message="assert 520 == 200&#10; +  where 520 = &lt;Response [520]&gt;.status_code">tests/test_notifications.py:161: in test_backtest_run
    assert response.status_code == 200
E   assert 520 == 200
E    +  where 520 = &lt;Response [520]&gt;.status_code</failure></testcase><testcase classname="tests.test_notifications.TestAdvancedFeaturesAPIs" name="test_rebalance_calculate" time="0.038" /><testcase classname="tests.test_notifications.TestAdvancedFeaturesAPIs" name="test_social_leaderboard" time="0.041" /><testcase classname="tests.test_notifications.TestCoreAPIs" name="test_api_root" time="0.035" /><testcase classname="tests.test_notifications.TestCoreAPIs" name="test_auth_check_credentials" time="0.041"><failure message="assert 422 == 200&#10; +  where 422 = &lt;Response [422]&gt;.status_code">tests/test_notifications.py:212: in test_auth_check_credentials
    assert response.status_code == 200
E   assert 422 == 200
E    +  where 422 = &lt;Response [422]&gt;.status_code</failure></testcase><testcase classname="tests.test_notifications.TestCoreAPIs" name="test_market_prices" time="0.649" /></testsuite></testsuites>