<?xml version="1.0" encoding="utf-8"?><testsuites name="pytest tests"><testsuite name="pytest" errors="0" failures="0" skipped="0" tests="31" time="118.635" timestamp="2026-02-04T00:51:07.455665+00:00" hostname="agent-env-c2f5d336-31e5-41bb-b950-19b33568617b"><testcase classname="backend.tests.test_event_correlation.TestEventDatabaseSeeding" name="test_seed_events_database" time="0.130" /><testcase classname="backend.tests.test_event_correlation.TestEventDatabaseStats" name="test_get_events_stats" time="0.057" /><testcase classname="backend.tests.test_event_correlation.TestEventDatabasePriceImpact" name="test_calculate_price_impact" time="0.047" /><testcase classname="backend.tests.test_event_correlation.TestWhatCausedPriceChange" name="test_ftx_collapse_correlation" time="1.156" /><testcase classname="backend.tests.test_event_correlation.TestWhatCausedPriceChange" name="test_what_caused_without_direction" time="0.859" /><testcase classname="backend.tests.test_event_correlation.TestWhatCausedPriceChange" name="test_what_caused_invalid_date" time="0.044" /><testcase classname="backend.tests.test_event_correlation.TestEventSearch" name="test_search_elon_events" time="7.499" /><testcase classname="backend.tests.test_event_correlation.TestEventSearch" name="test_search_ftx_events" time="13.946" /><testcase classname="backend.tests.test_event_correlation.TestEventSearch" name="test_search_etf_events" time="2.142" /><testcase classname="backend.tests.test_event_correlation.TestEventsOnDate" name="test_events_on_ftx_collapse_date" time="0.754" /><testcase classname="backend.tests.test_event_correlation.TestEventsOnDate" name="test_events_on_date_without_coin" time="0.618" /><testcase classname="backend.tests.test_event_correlation.TestEventsOnDate" name="test_events_on_date_invalid" time="0.040" /><testcase classname="backend.tests.test_event_correlation.TestEventsByCategory" name="test_celebrity_events" time="0.046" /><testcase classname="backend.tests.test_event_correlation.TestEventsByCategory" name="test_regulatory_events" time="0.044" /><testcase classname="backend.tests.test_event_correlation.TestEventsByCategory" name="test_exchange_events" time="0.040" /><testcase classname="backend.tests.test_event_correlation.TestEventsByCategory" name="test_institutional_events" time="0.044" /><testcase classname="backend.tests.test_event_correlation.TestEventsByCategory" name="test_technology_events" time="0.043" /><testcase classname="backend.tests.test_event_correlation.TestEventsByCoin" name="test_btc_events" time="0.051" /><testcase classname="backend.tests.test_event_correlation.TestEventsByCoin" name="test_eth_events" time="0.044" /><testcase classname="backend.tests.test_event_correlation.TestEventsByCoin" name="test_doge_events" time="0.044" /><testcase classname="backend.tests.test_event_correlation.TestEventsByCoin" name="test_sol_events" time="0.039" /><testcase classname="backend.tests.test_event_correlation.TestAIChatEventDetection" name="test_ai_chat_what_happened_btc" time="5.973" /><testcase classname="backend.tests.test_event_correlation.TestAIChatEventDetection" name="test_ai_chat_elon_events" time="8.635" /><testcase classname="backend.tests.test_event_correlation.TestAIChatEventDetection" name="test_ai_chat_ftx_crash" time="7.869" /><testcase classname="backend.tests.test_event_correlation.TestAIChatEventDetection" name="test_ai_chat_btc_events" time="68.063" /><testcase classname="backend.tests.test_event_correlation.TestEventDatabaseSearch" name="test_database_search_elon" time="0.077" /><testcase classname="backend.tests.test_event_correlation.TestEventDatabaseSearch" name="test_database_search_ftx" time="0.043" /><testcase classname="backend.tests.test_event_correlation.TestEventDatabaseSearch" name="test_database_search_halving" time="0.081" /><testcase classname="backend.tests.test_event_correlation.TestEventDatabaseList" name="test_list_all_events" time="0.040" /><testcase classname="backend.tests.test_event_correlation.TestEventDatabaseList" name="test_list_events_with_filters" time="0.048" /><testcase classname="backend.tests.test_event_correlation.TestEventDatabaseList" name="test_list_events_by_impact" time="0.041" /></testsuite></testsuites>