<?xml version="1.0" encoding="utf-8"?><testsuites name="pytest tests"><testsuite name="pytest" errors="0" failures="0" skipped="0" tests="13" time="20.159" timestamp="2026-02-04T04:49:00.475984+00:00" hostname="agent-env-de05d297-8ef0-4d8a-bf5f-cbdca3072066"><testcase classname="backend.tests.test_isolated_portfolio.TestIsolatedPortfolioAPI" name="test_health_check" time="3.298" /><testcase classname="backend.tests.test_isolated_portfolio.TestIsolatedPortfolioAPI" name="test_set_budget_500_with_real_trading" time="16.252" /><testcase classname="backend.tests.test_isolated_portfolio.TestIsolatedPortfolioAPI" name="test_get_budget_status" time="0.059" /><testcase classname="backend.tests.test_isolated_portfolio.TestIsolatedPortfolioAPI" name="test_verify_isolation" time="0.043" /><testcase classname="backend.tests.test_isolated_portfolio.TestIsolatedPortfolioAPI" name="test_can_trade_100_usd" time="0.040" /><testcase classname="backend.tests.test_isolated_portfolio.TestIsolatedPortfolioAPI" name="test_can_trade_exceeds_budget" time="0.038" /><testcase classname="backend.tests.test_isolated_portfolio.TestIsolatedPortfolioAPI" name="test_get_ai_positions" time="0.078" /><testcase classname="backend.tests.test_isolated_portfolio.TestIsolatedPortfolioAPI" name="test_get_transactions" time="0.038" /><testcase classname="backend.tests.test_isolated_portfolio.TestIsolatedPortfolioAPI" name="test_set_budget_zero_disables_trading" time="0.041" /><testcase classname="backend.tests.test_isolated_portfolio.TestIsolatedPortfolioAPI" name="test_set_budget_negative_rejected" time="0.039" /><testcase classname="backend.tests.test_isolated_portfolio.TestIsolatedPortfolioAPI" name="test_restore_budget_for_other_tests" time="0.044" /><testcase classname="backend.tests.test_isolated_portfolio.TestTriggerEndpoints" name="test_triggers_list" time="0.047" /><testcase classname="backend.tests.test_isolated_portfolio.TestTriggerEndpoints" name="test_triggers_status" time="0.046" /></testsuite></testsuites>