<?xml version="1.0" encoding="utf-8"?><testsuites name="pytest tests"><testsuite name="pytest" errors="0" failures="0" skipped="0" tests="27" time="3.638" timestamp="2026-02-14T20:26:51.182640+00:00" hostname="agent-env-2c90c5cf-698a-49e8-8732-9d6630e8b479"><testcase classname="tests.test_live_dashboard_apis.TestKrakenPortfolioAPI" name="test_portfolio_endpoint_returns_200" time="0.169" /><testcase classname="tests.test_live_dashboard_apis.TestKrakenPortfolioAPI" name="test_portfolio_returns_holdings" time="0.130" /><testcase classname="tests.test_live_dashboard_apis.TestKrakenPortfolioAPI" name="test_portfolio_returns_total_value" time="0.105" /><testcase classname="tests.test_live_dashboard_apis.TestKrakenPortfolioAPI" name="test_portfolio_returns_change_24h" time="0.114" /><testcase classname="tests.test_live_dashboard_apis.TestKrakenPortfolioAPI" name="test_portfolio_holdings_structure" time="0.140" /><testcase classname="tests.test_live_dashboard_apis.TestAISignalsAPI" name="test_btc_signal_returns_200" time="0.100" /><testcase classname="tests.test_live_dashboard_apis.TestAISignalsAPI" name="test_eth_signal_returns_200" time="0.106" /><testcase classname="tests.test_live_dashboard_apis.TestAISignalsAPI" name="test_signal_returns_required_fields" time="0.121" /><testcase classname="tests.test_live_dashboard_apis.TestAISignalsAPI" name="test_signal_type_is_valid" time="0.161" /><testcase classname="tests.test_live_dashboard_apis.TestAISignalsAPI" name="test_confidence_is_valid_range" time="0.116" /><testcase classname="tests.test_live_dashboard_apis.TestAISignalsAPI" name="test_signal_has_components" time="0.158" /><testcase classname="tests.test_live_dashboard_apis.TestGrowthStatusAPI" name="test_growth_status_returns_200" time="0.107" /><testcase classname="tests.test_live_dashboard_apis.TestGrowthStatusAPI" name="test_growth_status_has_current_value" time="0.149" /><testcase classname="tests.test_live_dashboard_apis.TestGrowthStatusAPI" name="test_growth_status_has_target" time="0.109" /><testcase classname="tests.test_live_dashboard_apis.TestGrowthStatusAPI" name="test_growth_status_has_progress" time="0.117" /><testcase classname="tests.test_live_dashboard_apis.TestAIExplanationAPI" name="test_bitcoin_explanation_returns_200" time="0.119" /><testcase classname="tests.test_live_dashboard_apis.TestAIExplanationAPI" name="test_explanation_has_signal" time="0.123" /><testcase classname="tests.test_live_dashboard_apis.TestAIExplanationAPI" name="test_explanation_has_confidence" time="0.154" /><testcase classname="tests.test_live_dashboard_apis.TestAIExplanationAPI" name="test_explanation_has_summary" time="0.119" /><testcase classname="tests.test_live_dashboard_apis.TestAIExplanationAPI" name="test_explanation_has_risk_factors" time="0.116" /><testcase classname="tests.test_live_dashboard_apis.TestAIExplanationAPI" name="test_explanation_has_recommendation" time="0.227" /><testcase classname="tests.test_live_dashboard_apis.TestHealthEndpoint" name="test_health_returns_200" time="0.159" /><testcase classname="tests.test_live_dashboard_apis.TestMultipleSymbolSignals" name="test_signal_for_symbol[BTC]" time="0.101" /><testcase classname="tests.test_live_dashboard_apis.TestMultipleSymbolSignals" name="test_signal_for_symbol[ETH]" time="0.147" /><testcase classname="tests.test_live_dashboard_apis.TestMultipleSymbolSignals" name="test_signal_for_symbol[SOL]" time="0.139" /><testcase classname="tests.test_live_dashboard_apis.TestMultipleSymbolSignals" name="test_signal_for_symbol[DOT]" time="0.136" /><testcase classname="tests.test_live_dashboard_apis.TestMultipleSymbolSignals" name="test_signal_for_symbol[AAVE]" time="0.136" /></testsuite></testsuites>