<?xml version="1.0" encoding="utf-8"?><testsuites name="pytest tests"><testsuite name="pytest" errors="0" failures="2" skipped="0" tests="20" time="35.678" timestamp="2026-02-02T18:34:28.450738+00:00" hostname="agent-env-ddcd9300-906b-4031-9aa5-23fba68548dd"><testcase classname="backend.tests.test_cryptopanic_news.TestCryptoPanicNewsAPI" name="test_news_status_endpoint" time="0.067" /><testcase classname="backend.tests.test_cryptopanic_news.TestCryptoPanicNewsAPI" name="test_trending_news_endpoint" time="0.391" /><testcase classname="backend.tests.test_cryptopanic_news.TestCryptoPanicNewsAPI" name="test_trending_news_with_limit" time="0.970" /><testcase classname="backend.tests.test_cryptopanic_news.TestCryptoPanicNewsAPI" name="test_hot_news_endpoint" time="0.953" /><testcase classname="backend.tests.test_cryptopanic_news.TestCryptoPanicNewsAPI" name="test_bullish_news_endpoint" time="1.020" /><testcase classname="backend.tests.test_cryptopanic_news.TestCryptoPanicNewsAPI" name="test_bearish_news_endpoint" time="1.022" /><testcase classname="backend.tests.test_cryptopanic_news.TestCryptoPanicNewsAPI" name="test_important_news_endpoint" time="0.963" /><testcase classname="backend.tests.test_cryptopanic_news.TestCryptoPanicNewsAPI" name="test_coin_news_btc" time="1.036" /><testcase classname="backend.tests.test_cryptopanic_news.TestCryptoPanicNewsAPI" name="test_coin_news_eth" time="0.947" /><testcase classname="backend.tests.test_cryptopanic_news.TestCryptoPanicNewsAPI" name="test_coin_news_with_filter" time="4.518" /><testcase classname="backend.tests.test_cryptopanic_news.TestCryptoPanicNewsAPI" name="test_coin_news_lowercase_symbol" time="0.067" /><testcase classname="backend.tests.test_cryptopanic_news.TestCryptoPanicNewsAPI" name="test_sentiment_analysis_eth" time="9.464"><failure message="KeyError: 'symbol'">backend/tests/test_cryptopanic_news.py:189: in test_sentiment_analysis_eth
    assert data["symbol"] == "ETH", f"Symbol should be 'ETH', got: {data['symbol']}"
           ^^^^^^^^^^^^^^
E   KeyError: 'symbol'</failure></testcase><testcase classname="backend.tests.test_cryptopanic_news.TestCryptoPanicNewsAPI" name="test_sentiment_analysis_btc" time="9.641"><failure message="KeyError: 'symbol'">backend/tests/test_cryptopanic_news.py:213: in test_sentiment_analysis_btc
    assert data["symbol"] == "BTC", f"Symbol should be 'BTC', got: {data['symbol']}"
           ^^^^^^^^^^^^^^
E   KeyError: 'symbol'</failure></testcase><testcase classname="backend.tests.test_cryptopanic_news.TestCryptoPanicNewsAPI" name="test_market_overview_endpoint" time="2.362" /><testcase classname="backend.tests.test_cryptopanic_news.TestCryptoPanicNewsAPI" name="test_multi_coin_news_endpoint" time="0.986" /><testcase classname="backend.tests.test_cryptopanic_news.TestCryptoPanicNewsAPI" name="test_multi_coin_news_lowercase_symbols" time="0.999" /><testcase classname="backend.tests.test_cryptopanic_news.TestCryptoPanicNewsAPI" name="test_multi_coin_news_max_symbols_limit" time="0.038" /><testcase classname="backend.tests.test_cryptopanic_news.TestCryptoPanicNewsAPI" name="test_clear_cache_endpoint" time="0.040" /><testcase classname="backend.tests.test_cryptopanic_news.TestCryptoPanicNewsAPI" name="test_invalid_filter_parameter" time="0.039" /><testcase classname="backend.tests.test_cryptopanic_news.TestCryptoPanicNewsAPI" name="test_limit_exceeds_max" time="0.040" /></testsuite></testsuites>