<?xml version="1.0" encoding="utf-8"?><testsuites name="pytest tests"><testsuite name="pytest" errors="0" failures="0" skipped="0" tests="28" time="7.576" timestamp="2026-02-14T23:39:33.852395+00:00" hostname="agent-env-98fd8a97-dcbf-4a50-be1f-a85b584866f6"><testcase classname="tests.test_csrf_session_apikey.TestHealthEndpoints" name="test_health_basic" time="0.130" /><testcase classname="tests.test_csrf_session_apikey.TestHealthEndpoints" name="test_health_deep" time="0.325" /><testcase classname="tests.test_csrf_session_apikey.TestCSRFProtection" name="test_csrf_get_requests_no_token_required" time="0.125" /><testcase classname="tests.test_csrf_session_apikey.TestCSRFProtection" name="test_csrf_post_without_token_returns_403" time="0.122" /><testcase classname="tests.test_csrf_session_apikey.TestCSRFProtection" name="test_csrf_post_with_mismatched_token_returns_403" time="0.198" /><testcase classname="tests.test_csrf_session_apikey.TestCSRFProtection" name="test_csrf_post_with_valid_token_succeeds" time="1.049" /><testcase classname="tests.test_csrf_session_apikey.TestCSRFProtection" name="test_csrf_bypass_with_api_key" time="0.398" /><testcase classname="tests.test_csrf_session_apikey.TestSessionAuthentication" name="test_create_session" time="0.117" /><testcase classname="tests.test_csrf_session_apikey.TestSessionAuthentication" name="test_get_csrf_token" time="0.173" /><testcase classname="tests.test_csrf_session_apikey.TestSessionAuthentication" name="test_validate_session" time="0.296" /><testcase classname="tests.test_csrf_session_apikey.TestSessionAuthentication" name="test_revoke_session" time="0.502" /><testcase classname="tests.test_csrf_session_apikey.TestAPIKeyManagement" name="test_create_api_key" time="0.204" /><testcase classname="tests.test_csrf_session_apikey.TestAPIKeyManagement" name="test_list_api_keys" time="0.547" /><testcase classname="tests.test_csrf_session_apikey.TestAPIKeyManagement" name="test_validate_api_key" time="0.286" /><testcase classname="tests.test_csrf_session_apikey.TestAPIKeyManagement" name="test_revoke_api_key" time="0.385" /><testcase classname="tests.test_csrf_session_apikey.TestCSRFExemptPaths" name="test_session_creation_exempt" time="0.120" /><testcase classname="tests.test_csrf_session_apikey.TestCSRFExemptPaths" name="test_csrf_token_endpoint_exempt" time="0.120" /><testcase classname="tests.test_csrf_session_apikey.TestCSRFExemptPaths" name="test_health_endpoints_exempt" time="0.671" /><testcase classname="tests.test_csrf_session_apikey.TestProvidedAPIKey" name="test_provided_api_key_validation" time="0.140" /><testcase classname="tests.test_cookie_security.TestCookieSecurityHardening" name="test_csrf_cookie_has_secure_flag" time="0.111" /><testcase classname="tests.test_cookie_security.TestCookieSecurityHardening" name="test_csrf_cookie_has_samesite_lax" time="0.113" /><testcase classname="tests.test_cookie_security.TestCookieSecurityHardening" name="test_session_endpoint_sets_secure_csrf_cookie" time="0.110" /><testcase classname="tests.test_cookie_security.TestCookieSecurityHardening" name="test_csrf_cookie_is_not_httponly" time="0.153" /><testcase classname="tests.test_cookie_security.TestHealthEndpointsCookies" name="test_health_basic_no_auth_required" time="0.136" /><testcase classname="tests.test_cookie_security.TestHealthEndpointsCookies" name="test_health_deep_no_auth_required" time="0.338" /><testcase classname="tests.test_cookie_security.TestCSRFValidationWithNewCookies" name="test_post_without_csrf_returns_403_csrf_missing" time="0.126" /><testcase classname="tests.test_cookie_security.TestCSRFValidationWithNewCookies" name="test_post_with_valid_csrf_succeeds" time="0.183" /><testcase classname="tests.test_cookie_security.TestCSRFValidationWithNewCookies" name="test_api_key_bypass_with_secure_cookies" time="0.336" /></testsuite></testsuites>