<?xml version="1.0" encoding="utf-8"?><testsuites name="pytest tests"><testsuite name="pytest" errors="0" failures="0" skipped="0" tests="23" time="4.001" timestamp="2026-02-04T01:14:39.738214+00:00" hostname="agent-env-287670ea-f320-4b5d-b0a4-9b4e8b49a8e2"><testcase classname="backend.tests.test_event_triggers.TestEventTriggerStatus" name="test_get_trigger_status" time="0.090" /><testcase classname="backend.tests.test_event_triggers.TestEventTriggerTemplates" name="test_get_templates" time="0.040" /><testcase classname="backend.tests.test_event_triggers.TestEventTriggerCRUD" name="test_create_custom_trigger" time="0.124" /><testcase classname="backend.tests.test_event_triggers.TestEventTriggerCRUD" name="test_create_trigger_from_template" time="0.123" /><testcase classname="backend.tests.test_event_triggers.TestEventTriggerCRUD" name="test_create_trigger_invalid_template" time="0.085" /><testcase classname="backend.tests.test_event_triggers.TestEventTriggerCRUD" name="test_create_duplicate_trigger" time="0.116" /><testcase classname="backend.tests.test_event_triggers.TestEventTriggerCRUD" name="test_get_trigger" time="0.113" /><testcase classname="backend.tests.test_event_triggers.TestEventTriggerCRUD" name="test_get_nonexistent_trigger" time="0.077" /><testcase classname="backend.tests.test_event_triggers.TestEventTriggerCRUD" name="test_update_trigger" time="0.153" /><testcase classname="backend.tests.test_event_triggers.TestEventTriggerCRUD" name="test_update_nonexistent_trigger" time="0.080" /><testcase classname="backend.tests.test_event_triggers.TestEventTriggerCRUD" name="test_delete_trigger" time="0.160" /><testcase classname="backend.tests.test_event_triggers.TestEventTriggerCRUD" name="test_delete_nonexistent_trigger" time="0.080" /><testcase classname="backend.tests.test_event_triggers.TestEventTriggerEnableDisable" name="test_disable_trigger" time="0.155" /><testcase classname="backend.tests.test_event_triggers.TestEventTriggerEnableDisable" name="test_enable_trigger" time="0.188" /><testcase classname="backend.tests.test_event_triggers.TestEventTriggerList" name="test_list_all_triggers" time="0.040" /><testcase classname="backend.tests.test_event_triggers.TestEventTriggerList" name="test_list_enabled_only" time="0.038" /><testcase classname="backend.tests.test_event_triggers.TestEventTriggerCheckNow" name="test_check_now" time="0.858" /><testcase classname="backend.tests.test_event_triggers.TestEventTriggerHistory" name="test_get_all_history" time="0.039" /><testcase classname="backend.tests.test_event_triggers.TestEventTriggerHistory" name="test_get_trigger_specific_history" time="0.038" /><testcase classname="backend.tests.test_event_triggers.TestSchedulerEventTriggerJobs" name="test_add_event_trigger_check_job" time="0.038" /><testcase classname="backend.tests.test_event_triggers.TestSchedulerEventTriggerJobs" name="test_run_event_trigger_check_now" time="1.114" /><testcase classname="backend.tests.test_event_triggers.TestEventTriggerDataValidation" name="test_create_trigger_with_all_fields" time="0.076" /><testcase classname="backend.tests.test_event_triggers.TestEventTriggerDataValidation" name="test_create_trigger_minimal_fields" time="0.080" /></testsuite></testsuites>