<?xml version="1.0" encoding="utf-8"?><testsuites name="pytest tests"><testsuite name="pytest" errors="0" failures="1" skipped="0" tests="13" time="107.166" timestamp="2026-02-03T18:50:33.219464+00:00" hostname="agent-env-4182ecc1-9ed6-4b67-b9a6-7c915c040f2c"><testcase classname="backend.tests.test_ai_chat.TestAIChatSuggestions" name="test_get_suggestions_success" time="0.167" /><testcase classname="backend.tests.test_ai_chat.TestAIChatAsk" name="test_ask_simple_question" time="5.333" /><testcase classname="backend.tests.test_ai_chat.TestAIChatAsk" name="test_ask_with_coin_mention" time="60.125"><failure message="requests.exceptions.ReadTimeout: HTTPSConnectionPool(host='tradesmart-69.preview.emergentagent.com', port=443): Read timed out. (read timeout=60)">/root/.venv/lib/python3.11/site-packages/urllib3/connectionpool.py:534: in _make_request
    response = conn.getresponse()
               ^^^^^^^^^^^^^^^^^^
/root/.venv/lib/python3.11/site-packages/urllib3/connection.py:571: in getresponse
    httplib_response = super().getresponse()
                       ^^^^^^^^^^^^^^^^^^^^^
/usr/local/lib/python3.11/http/client.py:1395: in getresponse
    response.begin()
/usr/local/lib/python3.11/http/client.py:325: in begin
    version, status, reason = self._read_status()
                              ^^^^^^^^^^^^^^^^^^^
/usr/local/lib/python3.11/http/client.py:286: in _read_status
    line = str(self.fp.readline(_MAXLINE + 1), "iso-8859-1")
               ^^^^^^^^^^^^^^^^^^^^^^^^^^^^^^
/usr/local/lib/python3.11/socket.py:718: in readinto
    return self._sock.recv_into(b)
           ^^^^^^^^^^^^^^^^^^^^^^^
/usr/local/lib/python3.11/ssl.py:1314: in recv_into
    return self.read(nbytes, buffer)
           ^^^^^^^^^^^^^^^^^^^^^^^^^
/usr/local/lib/python3.11/ssl.py:1166: in read
    return self._sslobj.read(len, buffer)
           ^^^^^^^^^^^^^^^^^^^^^^^^^^^^^^
E   TimeoutError: The read operation timed out

The above exception was the direct cause of the following exception:
/root/.venv/lib/python3.11/site-packages/requests/adapters.py:644: in send
    resp = conn.urlopen(
/root/.venv/lib/python3.11/site-packages/urllib3/connectionpool.py:841: in urlopen
    retries = retries.increment(
/root/.venv/lib/python3.11/site-packages/urllib3/util/retry.py:490: in increment
    raise reraise(type(error), error, _stacktrace)
          ^^^^^^^^^^^^^^^^^^^^^^^^^^^^^^^^^^^^^^^^
/root/.venv/lib/python3.11/site-packages/urllib3/util/util.py:39: in reraise
    raise value
/root/.venv/lib/python3.11/site-packages/urllib3/connectionpool.py:787: in urlopen
    response = self._make_request(
/root/.venv/lib/python3.11/site-packages/urllib3/connectionpool.py:536: in _make_request
    self._raise_timeout(err=e, url=url, timeout_value=read_timeout)
/root/.venv/lib/python3.11/site-packages/urllib3/connectionpool.py:367: in _raise_timeout
    raise ReadTimeoutError(
E   urllib3.exceptions.ReadTimeoutError: HTTPSConnectionPool(host='tradesmart-69.preview.emergentagent.com', port=443): Read timed out. (read timeout=60)

During handling of the above exception, another exception occurred:
backend/tests/test_ai_chat.py:86: in test_ask_with_coin_mention
    response = requests.post(
/root/.venv/lib/python3.11/site-packages/requests/api.py:115: in post
    return request("post", url, data=data, json=json, **kwargs)
           ^^^^^^^^^^^^^^^^^^^^^^^^^^^^^^^^^^^^^^^^^^^^^^^^^^^^
/root/.venv/lib/python3.11/site-packages/requests/api.py:59: in request
    return session.request(method=method, url=url, **kwargs)
           ^^^^^^^^^^^^^^^^^^^^^^^^^^^^^^^^^^^^^^^^^^^^^^^^^
/root/.venv/lib/python3.11/site-packages/requests/sessions.py:589: in request
    resp = self.send(prep, **send_kwargs)
           ^^^^^^^^^^^^^^^^^^^^^^^^^^^^^^
/root/.venv/lib/python3.11/site-packages/requests/sessions.py:703: in send
    r = adapter.send(request, **kwargs)
        ^^^^^^^^^^^^^^^^^^^^^^^^^^^^^^^
/root/.venv/lib/python3.11/site-packages/requests/adapters.py:690: in send
    raise ReadTimeout(e, request=request)
E   requests.exceptions.ReadTimeout: HTTPSConnectionPool(host='tradesmart-69.preview.emergentagent.com', port=443): Read timed out. (read timeout=60)</failure></testcase><testcase classname="backend.tests.test_ai_chat.TestAIChatAsk" name="test_ask_query_too_short" time="0.152" /><testcase classname="backend.tests.test_ai_chat.TestAIChatAsk" name="test_ask_query_too_long" time="0.042" /><testcase classname="backend.tests.test_ai_chat.TestAIChatQuickAnalysis" name="test_quick_analysis_bitcoin" time="12.715" /><testcase classname="backend.tests.test_ai_chat.TestAIChatHistory" name="test_get_history_empty_session" time="0.101" /><testcase classname="backend.tests.test_ai_chat.TestAIChatHistory" name="test_get_history_after_chat" time="9.593" /><testcase classname="backend.tests.test_ai_chat.TestAIChatHistory" name="test_delete_history" time="0.057" /><testcase classname="backend.tests.test_ai_chat.TestAIChatStrategyAdvice" name="test_strategy_advice_moderate_risk" time="11.752" /><testcase classname="backend.tests.test_ai_chat.TestAIChatStrategyAdvice" name="test_strategy_advice_invalid_portfolio_value" time="0.125" /><testcase classname="backend.tests.test_ai_chat.TestAIChatStrategyAdvice" name="test_strategy_advice_invalid_risk_tolerance" time="0.038" /><testcase classname="backend.tests.test_ai_chat.TestAIChatExplainPattern" name="test_explain_pattern" time="6.547" /></testsuite></testsuites>