<?xml version="1.0" encoding="utf-8"?><testsuites name="pytest tests"><testsuite name="pytest" errors="0" failures="2" skipped="0" tests="15" time="32.104" timestamp="2026-02-04T05:31:06.260411+00:00" hostname="agent-env-de05d297-8ef0-4d8a-bf5f-cbdca3072066"><testcase classname="backend.tests.test_stop_loss_automation.TestStopLossAutomation" name="test_automation_status" time="3.320"><failure message="assert 520 == 200&#10; +  where 520 = &lt;Response [520]&gt;.status_code">backend/tests/test_stop_loss_automation.py:18: in test_automation_status
    assert response.status_code == 200
E   assert 520 == 200
E    +  where 520 = &lt;Response [520]&gt;.status_code</failure></testcase><testcase classname="backend.tests.test_stop_loss_automation.TestStopLossAutomation" name="test_manual_position_check" time="11.093" /><testcase classname="backend.tests.test_stop_loss_automation.TestStopLossAutomation" name="test_positions_at_risk" time="1.058" /><testcase classname="backend.tests.test_stop_loss_automation.TestStopLossAutomation" name="test_automation_history" time="0.039" /><testcase classname="backend.tests.test_stop_loss_automation.TestTriggerPerformance" name="test_trigger_performance_dashboard" time="0.042" /><testcase classname="backend.tests.test_stop_loss_automation.TestTriggerPerformance" name="test_trigger_categories" time="0.044" /><testcase classname="backend.tests.test_stop_loss_automation.TestAdaptiveStrategy" name="test_strategy_status" time="0.041" /><testcase classname="backend.tests.test_stop_loss_automation.TestAdaptiveStrategy" name="test_strategy_params" time="0.039" /><testcase classname="backend.tests.test_stop_loss_automation.TestAdaptiveStrategy" name="test_detect_regime" time="0.152" /><testcase classname="backend.tests.test_stop_loss_automation.TestAdaptiveStrategy" name="test_adapt_strategy" time="0.132" /><testcase classname="backend.tests.test_stop_loss_automation.TestPerformanceRegime" name="test_regime_compare" time="0.038" /><testcase classname="backend.tests.test_stop_loss_automation.TestPerformanceRegime" name="test_regime_predict" time="15.811"><failure message="AssertionError: assert ('regime' in {'all_predictions': {'gradient_boosting': {'accuracy': 100.0, 'confidence': 100.0, 'regime': 'bear'}, 'gru': {'accuracy': 71.7, 'confidence': 36.7, 'regime': 'accumulation'}, 'lstm': {'accuracy': 62.0, 'confidence': 59.0, 'regime': 'bear'}, 'random_forest': {'accuracy': 100.0, 'confidence': 87.8, 'regime': 'bear'}, ...}, 'confidence': 87.8, 'model_accuracy': 100.0, 'model_used': 'random_forest', ...} or 'prediction' in {'all_predictions': {'gradient_boosting': {'accuracy': 100.0, 'confidence': 100.0, 'regime': 'bear'}, 'gru': {'accuracy': 71.7, 'confidence': 36.7, 'regime': 'accumulation'}, 'lstm': {'accuracy': 62.0, 'confidence': 59.0, 'regime': 'bear'}, 'random_forest': {'accuracy': 100.0, 'confidence': 87.8, 'regime': 'bear'}, ...}, 'confidence': 87.8, 'model_accuracy': 100.0, 'model_used': 'random_forest', ...})">backend/tests/test_stop_loss_automation.py:260: in test_regime_predict
    assert "regime" in data or "prediction" in data
E   AssertionError: assert ('regime' in {'all_predictions': {'gradient_boosting': {'accuracy': 100.0, 'confidence': 100.0, 'regime': 'bear'}, 'gru': {'accuracy': 71.7, 'confidence': 36.7, 'regime': 'accumulation'}, 'lstm': {'accuracy': 62.0, 'confidence': 59.0, 'regime': 'bear'}, 'random_forest': {'accuracy': 100.0, 'confidence': 87.8, 'regime': 'bear'}, ...}, 'confidence': 87.8, 'model_accuracy': 100.0, 'model_used': 'random_forest', ...} or 'prediction' in {'all_predictions': {'gradient_boosting': {'accuracy': 100.0, 'confidence': 100.0, 'regime': 'bear'}, 'gru': {'accuracy': 71.7, 'confidence': 36.7, 'regime': 'accumulation'}, 'lstm': {'accuracy': 62.0, 'confidence': 59.0, 'regime': 'bear'}, 'random_forest': {'accuracy': 100.0, 'confidence': 87.8, 'regime': 'bear'}, ...}, 'confidence': 87.8, 'model_accuracy': 100.0, 'model_used': 'random_forest', ...})</failure></testcase><testcase classname="backend.tests.test_stop_loss_automation.TestPerformanceRegime" name="test_trading_performance" time="0.094" /><testcase classname="backend.tests.test_stop_loss_automation.TestHealthAndIntegration" name="test_api_health" time="0.036" /><testcase classname="backend.tests.test_stop_loss_automation.TestHealthAndIntegration" name="test_triggers_list" time="0.037" /></testsuite></testsuites>