<?xml version="1.0" encoding="utf-8"?><testsuites name="pytest tests"><testsuite name="pytest" errors="0" failures="0" skipped="0" tests="13" time="13.166" timestamp="2026-02-14T23:51:54.844553+00:00" hostname="agent-env-98fd8a97-dcbf-4a50-be1f-a85b584866f6"><testcase classname="tests.test_vuln_scanner.TestVulnScannerEndpoints" name="test_get_latest_scan_returns_200" time="5.263" /><testcase classname="tests.test_vuln_scanner.TestVulnScannerEndpoints" name="test_get_latest_scan_structure" time="0.151" /><testcase classname="tests.test_vuln_scanner.TestVulnScannerEndpoints" name="test_get_scan_history_returns_200" time="0.113" /><testcase classname="tests.test_vuln_scanner.TestVulnScannerEndpoints" name="test_get_scan_history_returns_array" time="0.124" /><testcase classname="tests.test_vuln_scanner.TestVulnScannerEndpoints" name="test_get_scan_history_with_limit" time="0.108" /><testcase classname="tests.test_vuln_scanner.TestVulnScannerEndpoints" name="test_post_scan_requires_csrf" time="0.283" /><testcase classname="tests.test_vuln_scanner.TestVulnScannerEndpoints" name="test_post_scan_with_csrf_succeeds" time="2.091" /><testcase classname="tests.test_vuln_scanner.TestVulnScannerEndpoints" name="test_backend_detects_known_vulns" time="0.149" /><testcase classname="tests.test_vuln_scanner.TestVulnScannerEndpoints" name="test_frontend_scan_results" time="0.118" /><testcase classname="tests.test_vuln_scanner.TestVulnScannerEndpoints" name="test_scan_persists_to_history" time="2.091" /><testcase classname="tests.test_vuln_scanner.TestVulnScannerEndpoints" name="test_health_endpoint_still_works" time="0.112" /><testcase classname="tests.test_vuln_scanner.TestCSRFProtectionOnScanEndpoint" name="test_scan_with_wrong_csrf_token" time="0.190" /><testcase classname="tests.test_vuln_scanner.TestCSRFProtectionOnScanEndpoint" name="test_scan_with_api_key_bypasses_csrf" time="2.311" /></testsuite></testsuites>