<?xml version="1.0" encoding="utf-8"?><testsuites name="pytest tests"><testsuite name="pytest" errors="0" failures="1" skipped="0" tests="19" time="2.803" timestamp="2026-02-03T20:51:31.574464+00:00" hostname="agent-env-de970a9b-71c6-4aad-8a18-aca45b923241"><testcase classname="tests.test_ensemble_ai.TestEnsembleAIStatus" name="test_ensemble_status_returns_initialized" time="1.294" /><testcase classname="tests.test_ensemble_ai.TestEnsembleAIStatus" name="test_ensemble_status_has_model_weights" time="0.037" /><testcase classname="tests.test_ensemble_ai.TestEnsemblePrediction" name="test_predict_bitcoin_returns_signal" time="0.296" /><testcase classname="tests.test_ensemble_ai.TestEnsemblePrediction" name="test_predict_ethereum_returns_signal" time="0.074" /><testcase classname="tests.test_ensemble_ai.TestEnsemblePrediction" name="test_predict_invalid_coin_returns_error" time="0.328" /><testcase classname="tests.test_ensemble_ai.TestEnsemblePrediction" name="test_predict_has_model_results" time="0.038" /><testcase classname="tests.test_ensemble_ai.TestUniverseRebuild" name="test_rebuild_universe_starts_task" time="0.039" /><testcase classname="tests.test_ensemble_ai.TestUniverseRebuild" name="test_build_status_returns_progress" time="0.041" /><testcase classname="tests.test_ensemble_ai.TestOptimalUniverse" name="test_optimal_universe_returns_coins" time="0.045" /><testcase classname="tests.test_ensemble_ai.TestOptimalUniverse" name="test_optimal_universe_coins_have_scores" time="0.046" /><testcase classname="tests.test_ensemble_ai.TestOptimalUniverse" name="test_optimal_universe_categories_breakdown" time="0.039" /><testcase classname="tests.test_ensemble_ai.TestHiddenGems" name="test_hidden_gems_returns_list" time="0.038" /><testcase classname="tests.test_ensemble_ai.TestHiddenGems" name="test_hidden_gems_criteria_explained" time="0.079" /><testcase classname="tests.test_ensemble_ai.TestPortfolioComparison" name="test_comparison_returns_data" time="0.039"><failure message="assert 520 == 200&#10; +  where 520 = &lt;Response [520]&gt;.status_code">tests/test_ensemble_ai.py:212: in test_comparison_returns_data
    assert response.status_code == 200
E   assert 520 == 200
E    +  where 520 = &lt;Response [520]&gt;.status_code</failure></testcase><testcase classname="tests.test_ensemble_ai.TestModelWeights" name="test_weights_returns_all_models" time="0.039" /><testcase classname="tests.test_ensemble_ai.TestModelWeights" name="test_weights_descriptions_present" time="0.036" /><testcase classname="tests.test_ensemble_ai.TestBatchPrediction" name="test_batch_predict_multiple_coins" time="0.038" /><testcase classname="tests.test_ensemble_ai.TestBatchPrediction" name="test_batch_predict_max_limit" time="0.035" /><testcase classname="tests.test_ensemble_ai.TestOptimizeWeights" name="test_optimize_weights_returns_old_and_new" time="0.036" /></testsuite></testsuites>