<?xml version="1.0" encoding="utf-8"?><testsuites name="pytest tests"><testsuite name="pytest" errors="0" failures="0" skipped="0" tests="4" time="0.258" timestamp="2026-02-04T22:06:12.545053+00:00" hostname="agent-env-19083d4d-c5ef-4b8c-b7ed-6015c7f3e1a3"><testcase classname="backend.tests.test_auto_spot_scan_scheduler.TestAutoSpotScanScheduler" name="test_get_auto_spot_scan_status" time="0.058" /><testcase classname="backend.tests.test_auto_spot_scan_scheduler.TestAutoSpotScanScheduler" name="test_create_auto_spot_scan_schedule" time="0.074" /><testcase classname="backend.tests.test_auto_spot_scan_scheduler.TestRegimePredictorDLModels" name="test_regime_models_list" time="0.038" /><testcase classname="backend.tests.test_auto_spot_scan_scheduler.TestRLTrainingStatus" name="test_learning_status" time="0.036" /></testsuite></testsuites>