<?xml version="1.0" encoding="utf-8"?><testsuites name="pytest tests"><testsuite name="pytest" errors="0" failures="0" skipped="0" tests="17" time="8.514" timestamp="2026-02-09T04:37:37.578023+00:00" hostname="agent-env-4b258e2d-aac7-46b6-a594-8918a99e9b69"><testcase classname="backend.tests.test_tethys_features.TestHealthAndBasics" name="test_health_endpoint" time="0.727" /><testcase classname="backend.tests.test_tethys_features.TestKrakenPortfolio" name="test_kraken_portfolio_returns_total_value" time="0.659" /><testcase classname="backend.tests.test_tethys_features.TestKrakenPortfolio" name="test_kraken_portfolio_holdings_structure" time="0.035" /><testcase classname="backend.tests.test_tethys_features.TestGrowthEngine" name="test_growth_status_returns_required_fields" time="0.464" /><testcase classname="backend.tests.test_tethys_features.TestGrowthEngine" name="test_growth_start_endpoint" time="0.034" /><testcase classname="backend.tests.test_tethys_features.TestGrowthEngine" name="test_growth_stop_endpoint" time="0.036" /><testcase classname="backend.tests.test_tethys_features.TestMasterOrchestrator" name="test_master_status_returns_is_active" time="0.036" /><testcase classname="backend.tests.test_tethys_features.TestMasterOrchestrator" name="test_master_start_endpoint" time="0.035" /><testcase classname="backend.tests.test_tethys_features.TestMasterOrchestrator" name="test_master_stop_endpoint" time="0.039" /><testcase classname="backend.tests.test_tethys_features.TestEnhancedAI" name="test_enhanced_ai_status_returns_model_statuses" time="0.034" /><testcase classname="backend.tests.test_tethys_features.TestSpotTrading" name="test_spot_ai_recommendations_returns_array" time="1.581" /><testcase classname="backend.tests.test_tethys_features.TestSpotTrading" name="test_spot_status_endpoint" time="0.211" /><testcase classname="backend.tests.test_tethys_features.TestSpotTrading" name="test_spot_pairs_endpoint" time="0.225" /><testcase classname="backend.tests.test_tethys_features.TestSpotTrading" name="test_spot_balance_endpoint" time="1.347" /><testcase classname="backend.tests.test_tethys_features.TestUpgrades" name="test_upgrades_status_endpoint" time="0.066" /><testcase classname="backend.tests.test_tethys_features.TestTethysAI" name="test_tethys_train_status" time="2.808" /><testcase classname="backend.tests.test_tethys_features.TestTethysAI" name="test_learning_status" time="0.036" /></testsuite></testsuites>