<?xml version="1.0" encoding="utf-8"?><testsuites name="pytest tests"><testsuite name="pytest" errors="0" failures="0" skipped="0" tests="15" time="20.006" timestamp="2026-02-04T05:32:02.643465+00:00" hostname="agent-env-de05d297-8ef0-4d8a-bf5f-cbdca3072066"><testcase classname="backend.tests.test_stop_loss_automation.TestStopLossAutomation" name="test_automation_status" time="2.084" /><testcase classname="backend.tests.test_stop_loss_automation.TestStopLossAutomation" name="test_manual_position_check" time="1.294" /><testcase classname="backend.tests.test_stop_loss_automation.TestStopLossAutomation" name="test_positions_at_risk" time="0.668" /><testcase classname="backend.tests.test_stop_loss_automation.TestStopLossAutomation" name="test_automation_history" time="0.078" /><testcase classname="backend.tests.test_stop_loss_automation.TestTriggerPerformance" name="test_trigger_performance_dashboard" time="0.045" /><testcase classname="backend.tests.test_stop_loss_automation.TestTriggerPerformance" name="test_trigger_categories" time="0.042" /><testcase classname="backend.tests.test_stop_loss_automation.TestAdaptiveStrategy" name="test_strategy_status" time="0.040" /><testcase classname="backend.tests.test_stop_loss_automation.TestAdaptiveStrategy" name="test_strategy_params" time="0.040" /><testcase classname="backend.tests.test_stop_loss_automation.TestAdaptiveStrategy" name="test_detect_regime" time="0.127" /><testcase classname="backend.tests.test_stop_loss_automation.TestAdaptiveStrategy" name="test_adapt_strategy" time="0.248" /><testcase classname="backend.tests.test_stop_loss_automation.TestPerformanceRegime" name="test_regime_compare" time="0.077" /><testcase classname="backend.tests.test_stop_loss_automation.TestPerformanceRegime" name="test_regime_predict" time="14.917" /><testcase classname="backend.tests.test_stop_loss_automation.TestPerformanceRegime" name="test_trading_performance" time="0.091" /><testcase classname="backend.tests.test_stop_loss_automation.TestHealthAndIntegration" name="test_api_health" time="0.077" /><testcase classname="backend.tests.test_stop_loss_automation.TestHealthAndIntegration" name="test_triggers_list" time="0.042" /></testsuite></testsuites>