<?xml version="1.0" encoding="utf-8"?><testsuites name="pytest tests"><testsuite name="pytest" errors="0" failures="0" skipped="0" tests="11" time="52.373" timestamp="2026-02-02T06:42:52.584692+00:00" hostname="agent-env-08678463-7dfe-4f81-9348-0aac4eaa6f9a"><testcase classname="tests.test_real_data_verification.TestHealthEndpoints" name="test_api_health" time="0.114" /><testcase classname="tests.test_real_data_verification.TestStrategiesEndpoint" name="test_generate_strategy_returns_real_data" time="42.503" /><testcase classname="tests.test_real_data_verification.TestNewsEndpoint" name="test_news_all_returns_real_news" time="0.249" /><testcase classname="tests.test_real_data_verification.TestNewsEndpoint" name="test_news_sentiment_analysis" time="8.792" /><testcase classname="tests.test_real_data_verification.TestBacktestEndpoint" name="test_backtest_presets" time="0.057" /><testcase classname="tests.test_real_data_verification.TestBacktestEndpoint" name="test_backtest_run_with_real_data" time="0.113" /><testcase classname="tests.test_real_data_verification.TestGrowthEndpoint" name="test_growth_stats" time="0.245" /><testcase classname="tests.test_real_data_verification.TestGrowthEndpoint" name="test_growth_positions" time="0.042" /><testcase classname="tests.test_real_data_verification.TestSchedulerEndpoint" name="test_scheduler_status" time="0.037" /><testcase classname="tests.test_real_data_verification.TestJournalEndpoint" name="test_journal_stats" time="0.045" /><testcase classname="tests.test_real_data_verification.TestMarketDataEndpoint" name="test_market_prices" time="0.077" /></testsuite></testsuites>