<?xml version="1.0" encoding="utf-8"?><testsuites name="pytest tests"><testsuite name="pytest" errors="0" failures="2" skipped="0" tests="14" time="4.136" timestamp="2026-02-07T21:36:21.938199+00:00" hostname="agent-env-7ce2d7b9-c7ba-449e-9c98-198e3baf45f9"><testcase classname="backend.tests.test_tethys_portfolio_regression.TestHealthAndBasics" name="test_health_endpoint" time="0.074" /><testcase classname="backend.tests.test_tethys_portfolio_regression.TestKrakenPortfolio" name="test_kraken_portfolio_endpoint" time="0.448" /><testcase classname="backend.tests.test_tethys_portfolio_regression.TestTethysSentiment" name="test_market_sentiment_endpoint" time="0.338" /><testcase classname="backend.tests.test_tethys_portfolio_regression.TestTethysSentiment" name="test_fear_greed_endpoint" time="0.039" /><testcase classname="backend.tests.test_tethys_portfolio_regression.TestTethysSentiment" name="test_news_endpoint" time="0.183" /><testcase classname="backend.tests.test_tethys_portfolio_regression.TestTethysSentiment" name="test_coin_sentiment_endpoint" time="0.036" /><testcase classname="backend.tests.test_tethys_portfolio_regression.TestTethysTraining" name="test_training_status_endpoint" time="2.649" /><testcase classname="backend.tests.test_tethys_portfolio_regression.TestTethysTraining" name="test_training_dashboard_endpoint" time="0.045" /><testcase classname="backend.tests.test_tethys_portfolio_regression.TestTethysTradingDashboard" name="test_trading_dashboard_endpoint" time="0.038" /><testcase classname="backend.tests.test_tethys_portfolio_regression.TestTethysTradingDashboard" name="test_tethys_dashboard_endpoint" time="0.039" /><testcase classname="backend.tests.test_tethys_portfolio_regression.TestTethysRisk" name="test_risk_limits_endpoint" time="0.035" /><testcase classname="backend.tests.test_tethys_portfolio_regression.TestTethysRisk" name="test_tethys_status_endpoint" time="0.035"><failure message="AssertionError: assert 'risk' in {'agent': 'Tethys', 'audit_summary': {'agent': 'Tethys', 'avg_confidence': 0, 'avg_uncertainty': 0, 'blocked_by_risk': 0, ...}, 'risk_gateway': {'agent': 'Tethys', 'limits': {'circuit_breaker_duration_hours': 24, 'circuit_breaker_loss_pct': 0.1, 'max_consecutive_losses': 5, 'max_daily_loss_pct': 0.05, ...}, 'recent_violations': [], 'state': {'circuit_breaker_active': False, 'consecutive_losses': 0, 'current_drawdown_pct': 0.0, 'daily_pnl_pct': 0.0, ...}, ...}, 'uncertainty': {'agent': 'Tethys', 'status': 'no_data'}, ...}">backend/tests/test_tethys_portfolio_regression.py:254: in test_tethys_status_endpoint
    assert "risk" in data
E   AssertionError: assert 'risk' in {'agent': 'Tethys', 'audit_summary': {'agent': 'Tethys', 'avg_confidence': 0, 'avg_uncertainty': 0, 'blocked_by_risk': 0, ...}, 'risk_gateway': {'agent': 'Tethys', 'limits': {'circuit_breaker_duration_hours': 24, 'circuit_breaker_loss_pct': 0.1, 'max_consecutive_losses': 5, 'max_daily_loss_pct': 0.05, ...}, 'recent_violations': [], 'state': {'circuit_breaker_active': False, 'consecutive_losses': 0, 'current_drawdown_pct': 0.0, 'daily_pnl_pct': 0.0, ...}, ...}, 'uncertainty': {'agent': 'Tethys', 'status': 'no_data'}, ...}</failure></testcase><testcase classname="backend.tests.test_tethys_portfolio_regression.TestScannerAndPortfolio" name="test_scanner_quick_scan" time="0.035" /><testcase classname="backend.tests.test_tethys_portfolio_regression.TestScannerAndPortfolio" name="test_portfolio_endpoint" time="0.033"><failure message="assert 404 == 200&#10; +  where 404 = &lt;Response [404]&gt;.status_code">backend/tests/test_tethys_portfolio_regression.py:276: in test_portfolio_endpoint
    assert response.status_code == 200
E   assert 404 == 200
E    +  where 404 = &lt;Response [404]&gt;.status_code</failure></testcase></testsuite></testsuites>