<?xml version="1.0" encoding="utf-8"?><testsuites name="pytest tests"><testsuite name="pytest" errors="0" failures="0" skipped="0" tests="14" time="0.925" timestamp="2026-02-02T16:59:04.951683+00:00" hostname="agent-env-9c731af5-9291-4cb7-a522-f7212fe9a4c1"><testcase classname="backend.tests.test_ai_universe.TestAIUniverseStats" name="test_get_universe_stats_success" time="0.108" /><testcase classname="backend.tests.test_ai_universe.TestAIUniverseCoins" name="test_get_all_coins_success" time="0.042" /><testcase classname="backend.tests.test_ai_universe.TestAIUniverseGems" name="test_get_gem_candidates_success" time="0.041" /><testcase classname="backend.tests.test_ai_universe.TestAIUniverseDiscovered" name="test_get_ai_discovered_coins_success" time="0.042" /><testcase classname="backend.tests.test_ai_universe.TestAIUniverseAIDiscover" name="test_ai_discover_new_coin_success" time="0.119" /><testcase classname="backend.tests.test_ai_universe.TestAIUniverseAIDiscover" name="test_ai_discover_duplicate_coin_fails" time="0.046" /><testcase classname="backend.tests.test_ai_universe.TestAIUniverseDeactivate" name="test_deactivate_coin_success" time="0.127" /><testcase classname="backend.tests.test_ai_universe.TestAIUniverseDeactivate" name="test_deactivate_nonexistent_coin_fails" time="0.042" /><testcase classname="backend.tests.test_ai_universe.TestSchedulerCoinUniverse" name="test_scheduler_coin_universe_success" time="0.085" /><testcase classname="backend.tests.test_ai_universe.TestAIUniverseCategories" name="test_get_categories_success" time="0.037" /><testcase classname="backend.tests.test_ai_universe.TestAIUniverseCoinsByCategory" name="test_get_coins_by_category_major" time="0.034" /><testcase classname="backend.tests.test_ai_universe.TestAIUniverseCoinsByCategory" name="test_get_coins_by_category_defi" time="0.041" /><testcase classname="backend.tests.test_ai_universe.TestAIUniverseGetCoin" name="test_get_coin_bitcoin_success" time="0.035" /><testcase classname="backend.tests.test_ai_universe.TestAIUniverseGetCoin" name="test_get_coin_nonexistent_fails" time="0.035" /></testsuite></testsuites>