<?xml version="1.0" encoding="utf-8"?><testsuites name="pytest tests"><testsuite name="pytest" errors="0" failures="0" skipped="0" tests="10" time="5.456" timestamp="2026-02-04T22:06:30.027607+00:00" hostname="agent-env-19083d4d-c5ef-4b8c-b7ed-6015c7f3e1a3"><testcase classname="backend.tests.test_auto_spot_scan_scheduler.TestAutoSpotScanScheduler" name="test_get_auto_spot_scan_status" time="0.058" /><testcase classname="backend.tests.test_auto_spot_scan_scheduler.TestAutoSpotScanScheduler" name="test_create_auto_spot_scan_schedule" time="0.080" /><testcase classname="backend.tests.test_auto_spot_scan_scheduler.TestAutoSpotScanScheduler" name="test_run_auto_spot_scan_now" time="2.292" /><testcase classname="backend.tests.test_auto_spot_scan_scheduler.TestAutoSpotScanScheduler" name="test_toggle_auto_spot_scan" time="0.111" /><testcase classname="backend.tests.test_auto_spot_scan_scheduler.TestAutoSpotScanScheduler" name="test_get_all_schedules" time="0.041" /><testcase classname="backend.tests.test_auto_spot_scan_scheduler.TestRegimePredictorDLModels" name="test_regime_models_list" time="0.036" /><testcase classname="backend.tests.test_auto_spot_scan_scheduler.TestRegimePredictorDLModels" name="test_regime_prediction_all_models" time="0.272" /><testcase classname="backend.tests.test_auto_spot_scan_scheduler.TestRLTrainingStatus" name="test_learning_status" time="0.036" /><testcase classname="backend.tests.test_auto_spot_scan_scheduler.TestRLTrainingStatus" name="test_rl_training_schedule_exists" time="0.078" /><testcase classname="backend.tests.test_auto_spot_scan_scheduler.TestAutoSpotScanAIAnalysis" name="test_scan_results_have_all_components" time="2.400" /></testsuite></testsuites>