<?xml version="1.0" encoding="utf-8"?><testsuites name="pytest tests"><testsuite name="pytest" errors="0" failures="2" skipped="0" tests="18" time="62.344" timestamp="2026-02-04T02:05:59.184442+00:00" hostname="agent-env-287670ea-f320-4b5d-b0a4-9b4e8b49a8e2"><testcase classname="backend.tests.test_p1_p2_features.TestEventDatabaseEndpoints" name="test_events_database_stats" time="0.074" /><testcase classname="backend.tests.test_p1_p2_features.TestEventDatabaseEndpoints" name="test_events_database_list" time="0.046" /><testcase classname="backend.tests.test_p1_p2_features.TestEventDatabaseEndpoints" name="test_events_database_list_with_filters" time="0.091" /><testcase classname="backend.tests.test_p1_p2_features.TestEventDatabaseEndpoints" name="test_events_database_search" time="0.045" /><testcase classname="backend.tests.test_p1_p2_features.TestEventDatabaseEndpoints" name="test_events_by_coin" time="0.047" /><testcase classname="backend.tests.test_p1_p2_features.TestEventDatabaseEndpoints" name="test_events_by_category" time="0.042" /><testcase classname="backend.tests.test_p1_p2_features.TestGemBacktestEndpoints" name="test_backtest_status" time="0.038" /><testcase classname="backend.tests.test_p1_p2_features.TestGemBacktestEndpoints" name="test_gem_scan_with_optimized_weights" time="0.981" /><testcase classname="backend.tests.test_p1_p2_features.TestGemBacktestEndpoints" name="test_gem_top_list" time="60.089"><failure message="requests.exceptions.ReadTimeout: HTTPSConnectionPool(host='cryptotradeai-22.preview.emergentagent.com', port=443): Read timed out. (read timeout=60)">/root/.venv/lib/python3.11/site-packages/urllib3/connectionpool.py:534: in _make_request
    response = conn.getresponse()
               ^^^^^^^^^^^^^^^^^^
/root/.venv/lib/python3.11/site-packages/urllib3/connection.py:571: in getresponse
    httplib_response = super().getresponse()
                       ^^^^^^^^^^^^^^^^^^^^^
/usr/local/lib/python3.11/http/client.py:1395: in getresponse
    response.begin()
/usr/local/lib/python3.11/http/client.py:325: in begin
    version, status, reason = self._read_status()
                              ^^^^^^^^^^^^^^^^^^^
/usr/local/lib/python3.11/http/client.py:286: in _read_status
    line = str(self.fp.readline(_MAXLINE + 1), "iso-8859-1")
               ^^^^^^^^^^^^^^^^^^^^^^^^^^^^^^
/usr/local/lib/python3.11/socket.py:718: in readinto
    return self._sock.recv_into(b)
           ^^^^^^^^^^^^^^^^^^^^^^^
/usr/local/lib/python3.11/ssl.py:1314: in recv_into
    return self.read(nbytes, buffer)
           ^^^^^^^^^^^^^^^^^^^^^^^^^
/usr/local/lib/python3.11/ssl.py:1166: in read
    return self._sslobj.read(len, buffer)
           ^^^^^^^^^^^^^^^^^^^^^^^^^^^^^^
E   TimeoutError: The read operation timed out

The above exception was the direct cause of the following exception:
/root/.venv/lib/python3.11/site-packages/requests/adapters.py:644: in send
    resp = conn.urlopen(
/root/.venv/lib/python3.11/site-packages/urllib3/connectionpool.py:841: in urlopen
    retries = retries.increment(
/root/.venv/lib/python3.11/site-packages/urllib3/util/retry.py:490: in increment
    raise reraise(type(error), error, _stacktrace)
          ^^^^^^^^^^^^^^^^^^^^^^^^^^^^^^^^^^^^^^^^
/root/.venv/lib/python3.11/site-packages/urllib3/util/util.py:39: in reraise
    raise value
/root/.venv/lib/python3.11/site-packages/urllib3/connectionpool.py:787: in urlopen
    response = self._make_request(
/root/.venv/lib/python3.11/site-packages/urllib3/connectionpool.py:536: in _make_request
    self._raise_timeout(err=e, url=url, timeout_value=read_timeout)
/root/.venv/lib/python3.11/site-packages/urllib3/connectionpool.py:367: in _raise_timeout
    raise ReadTimeoutError(
E   urllib3.exceptions.ReadTimeoutError: HTTPSConnectionPool(host='cryptotradeai-22.preview.emergentagent.com', port=443): Read timed out. (read timeout=60)

During handling of the above exception, another exception occurred:
backend/tests/test_p1_p2_features.py:149: in test_gem_top_list
    response = requests.get(f"{BASE_URL}/api/gems/top", timeout=60)
               ^^^^^^^^^^^^^^^^^^^^^^^^^^^^^^^^^^^^^^^^^^^^^^^^^^^^
/root/.venv/lib/python3.11/site-packages/requests/api.py:73: in get
    return request("get", url, params=params, **kwargs)
           ^^^^^^^^^^^^^^^^^^^^^^^^^^^^^^^^^^^^^^^^^^^^
/root/.venv/lib/python3.11/site-packages/requests/api.py:59: in request
    return session.request(method=method, url=url, **kwargs)
           ^^^^^^^^^^^^^^^^^^^^^^^^^^^^^^^^^^^^^^^^^^^^^^^^^
/root/.venv/lib/python3.11/site-packages/requests/sessions.py:589: in request
    resp = self.send(prep, **send_kwargs)
           ^^^^^^^^^^^^^^^^^^^^^^^^^^^^^^
/root/.venv/lib/python3.11/site-packages/requests/sessions.py:703: in send
    r = adapter.send(request, **kwargs)
        ^^^^^^^^^^^^^^^^^^^^^^^^^^^^^^^
/root/.venv/lib/python3.11/site-packages/requests/adapters.py:690: in send
    raise ReadTimeout(e, request=request)
E   requests.exceptions.ReadTimeout: HTTPSConnectionPool(host='cryptotradeai-22.preview.emergentagent.com', port=443): Read timed out. (read timeout=60)</failure></testcase><testcase classname="backend.tests.test_p1_p2_features.TestTriggerEndpoints" name="test_triggers_status" time="0.099" /><testcase classname="backend.tests.test_p1_p2_features.TestTriggerEndpoints" name="test_triggers_templates" time="0.057" /><testcase classname="backend.tests.test_p1_p2_features.TestTriggerEndpoints" name="test_triggers_list" time="0.044" /><testcase classname="backend.tests.test_p1_p2_features.TestAILearningLoopEndpoints" name="test_ai_learning_status" time="0.051" /><testcase classname="backend.tests.test_p1_p2_features.TestAILearningLoopEndpoints" name="test_ai_learning_model_performance" time="0.044" /><testcase classname="backend.tests.test_p1_p2_features.TestAILearningLoopEndpoints" name="test_ai_learning_insights" time="0.052" /><testcase classname="backend.tests.test_p1_p2_features.TestAILearningLoopEndpoints" name="test_ai_learning_training_feedback" time="0.082" /><testcase classname="backend.tests.test_p1_p2_features.TestHealthAndBasicEndpoints" name="test_health_check" time="0.041" /><testcase classname="backend.tests.test_p1_p2_features.TestHealthAndBasicEndpoints" name="test_market_overview" time="0.073"><failure message="assert 404 == 200&#10; +  where 404 = &lt;Response [404]&gt;.status_code">backend/tests/test_p1_p2_features.py:264: in test_market_overview
    assert response.status_code == 200
E   assert 404 == 200
E    +  where 404 = &lt;Response [404]&gt;.status_code</failure></testcase></testsuite></testsuites>