<?xml version="1.0" encoding="utf-8"?><testsuites name="pytest tests"><testsuite name="pytest" errors="0" failures="0" skipped="0" tests="20" time="35.692" timestamp="2026-02-02T18:36:12.301883+00:00" hostname="agent-env-ddcd9300-906b-4031-9aa5-23fba68548dd"><testcase classname="backend.tests.test_cryptopanic_news.TestCryptoPanicNewsAPI" name="test_news_status_endpoint" time="0.080" /><testcase classname="backend.tests.test_cryptopanic_news.TestCryptoPanicNewsAPI" name="test_trending_news_endpoint" time="0.391" /><testcase classname="backend.tests.test_cryptopanic_news.TestCryptoPanicNewsAPI" name="test_trending_news_with_limit" time="0.916" /><testcase classname="backend.tests.test_cryptopanic_news.TestCryptoPanicNewsAPI" name="test_hot_news_endpoint" time="1.012" /><testcase classname="backend.tests.test_cryptopanic_news.TestCryptoPanicNewsAPI" name="test_bullish_news_endpoint" time="1.001" /><testcase classname="backend.tests.test_cryptopanic_news.TestCryptoPanicNewsAPI" name="test_bearish_news_endpoint" time="0.998" /><testcase classname="backend.tests.test_cryptopanic_news.TestCryptoPanicNewsAPI" name="test_important_news_endpoint" time="1.005" /><testcase classname="backend.tests.test_cryptopanic_news.TestCryptoPanicNewsAPI" name="test_coin_news_btc" time="0.984" /><testcase classname="backend.tests.test_cryptopanic_news.TestCryptoPanicNewsAPI" name="test_coin_news_eth" time="0.974" /><testcase classname="backend.tests.test_cryptopanic_news.TestCryptoPanicNewsAPI" name="test_coin_news_with_filter" time="4.572" /><testcase classname="backend.tests.test_cryptopanic_news.TestCryptoPanicNewsAPI" name="test_coin_news_lowercase_symbol" time="0.066" /><testcase classname="backend.tests.test_cryptopanic_news.TestCryptoPanicNewsAPI" name="test_sentiment_analysis_eth" time="10.419" /><testcase classname="backend.tests.test_cryptopanic_news.TestCryptoPanicNewsAPI" name="test_sentiment_analysis_btc" time="8.657" /><testcase classname="backend.tests.test_cryptopanic_news.TestCryptoPanicNewsAPI" name="test_market_overview_endpoint" time="2.289" /><testcase classname="backend.tests.test_cryptopanic_news.TestCryptoPanicNewsAPI" name="test_multi_coin_news_endpoint" time="1.006" /><testcase classname="backend.tests.test_cryptopanic_news.TestCryptoPanicNewsAPI" name="test_multi_coin_news_lowercase_symbols" time="1.070" /><testcase classname="backend.tests.test_cryptopanic_news.TestCryptoPanicNewsAPI" name="test_multi_coin_news_max_symbols_limit" time="0.040" /><testcase classname="backend.tests.test_cryptopanic_news.TestCryptoPanicNewsAPI" name="test_clear_cache_endpoint" time="0.040" /><testcase classname="backend.tests.test_cryptopanic_news.TestCryptoPanicNewsAPI" name="test_invalid_filter_parameter" time="0.046" /><testcase classname="backend.tests.test_cryptopanic_news.TestCryptoPanicNewsAPI" name="test_limit_exceeds_max" time="0.037" /></testsuite></testsuites>