<?xml version="1.0" encoding="utf-8"?><testsuites name="pytest tests"><testsuite name="pytest" errors="0" failures="2" skipped="0" tests="17" time="3.375" timestamp="2026-02-14T20:40:54.735041+00:00" hostname="agent-env-2c90c5cf-698a-49e8-8732-9d6630e8b479"><testcase classname="tests.test_iteration49_auth_features.TestHealthAndBasicEndpoints" name="test_health_endpoint" time="0.183" /><testcase classname="tests.test_iteration49_auth_features.TestHealthAndBasicEndpoints" name="test_auth_me_unauthenticated" time="0.136" /><testcase classname="tests.test_iteration49_auth_features.TestTwoFactorAuthEndpoints" name="test_2fa_setup_unauthenticated" time="0.105" /><testcase classname="tests.test_iteration49_auth_features.TestTwoFactorAuthEndpoints" name="test_2fa_verify_unauthenticated" time="0.160" /><testcase classname="tests.test_iteration49_auth_features.TestTwoFactorAuthEndpoints" name="test_2fa_disable_unauthenticated" time="0.118" /><testcase classname="tests.test_iteration49_auth_features.TestOnboardingEndpoints" name="test_onboarding_complete_unauthenticated" time="0.153" /><testcase classname="tests.test_iteration49_auth_features.TestSessionManagement" name="test_sessions_unauthenticated" time="0.132" /><testcase classname="tests.test_iteration49_auth_features.TestSessionManagement" name="test_revoke_all_sessions_unauthenticated" time="0.122" /><testcase classname="tests.test_iteration49_auth_features.TestSessionManagement" name="test_logout_endpoint" time="0.397" /><testcase classname="tests.test_iteration49_auth_features.TestAISignalsEndpoints" name="test_ai_signals_btc" time="0.122" /><testcase classname="tests.test_iteration49_auth_features.TestAISignalsEndpoints" name="test_ai_signals_eth" time="0.237"><failure message="AssertionError: assert 'STRONG_SELL' in ['BUY', 'SELL', 'HOLD']">backend/tests/test_iteration49_auth_features.py:146: in test_ai_signals_eth
    assert data["signal"] in ["BUY", "SELL", "HOLD"]
E   AssertionError: assert 'STRONG_SELL' in ['BUY', 'SELL', 'HOLD']</failure></testcase><testcase classname="tests.test_iteration49_auth_features.TestAISignalsEndpoints" name="test_ai_signals_sol" time="0.106" /><testcase classname="tests.test_iteration49_auth_features.TestPortfolioEndpoints" name="test_kraken_portfolio" time="0.604" /><testcase classname="tests.test_iteration49_auth_features.TestPortfolioEndpoints" name="test_portfolio_has_real_data" time="0.131" /><testcase classname="tests.test_iteration49_auth_features.TestSessionExchange" name="test_session_exchange_invalid" time="0.231"><failure message="assert 520 in [401, 503, 500]&#10; +  where 520 = &lt;Response [520]&gt;.status_code">backend/tests/test_iteration49_auth_features.py:220: in test_session_exchange_invalid
    assert response.status_code in [401, 503, 500]
E   assert 520 in [401, 503, 500]
E    +  where 520 = &lt;Response [520]&gt;.status_code</failure></testcase><testcase classname="tests.test_iteration49_auth_features.TestLiveDashboardAPIs" name="test_growth_status" time="0.216" /><testcase classname="tests.test_iteration49_auth_features.TestLiveDashboardAPIs" name="test_ai_explain_signal" time="0.133" /></testsuite></testsuites>