<?xml version="1.0" encoding="utf-8"?><testsuites name="pytest tests"><testsuite name="pytest" errors="0" failures="1" skipped="0" tests="7" time="0.796" timestamp="2026-02-03T18:32:31.374361+00:00" hostname="agent-env-4182ecc1-9ed6-4b67-b9a6-7c915c040f2c"><testcase classname="tests.test_deep_learning.TestDeepLearningStatus" name="test_get_ai_status" time="0.090" /><testcase classname="tests.test_deep_learning.TestLSTMInfo" name="test_get_lstm_info" time="0.039" /><testcase classname="tests.test_deep_learning.TestPatternDetection" name="test_detect_patterns_bitcoin" time="0.236" /><testcase classname="tests.test_deep_learning.TestPatternDetection" name="test_detect_patterns_ethereum" time="0.181" /><testcase classname="tests.test_deep_learning.TestSentimentAnalysis" name="test_analyze_sentiment_bullish" time="0.045" /><testcase classname="tests.test_deep_learning.TestSentimentAnalysis" name="test_analyze_sentiment_bearish" time="0.078" /><testcase classname="tests.test_deep_learning.TestSentimentAnalysis" name="test_analyze_sentiment_empty" time="0.041"><failure message="KeyError: 'news_analyzed'">tests/test_deep_learning.py:222: in test_analyze_sentiment_empty
    assert data["news_analyzed"] == 0
           ^^^^^^^^^^^^^^^^^^^^^
E   KeyError: 'news_analyzed'</failure></testcase></testsuite></testsuites>