<?xml version="1.0" encoding="utf-8"?><testsuites name="pytest tests"><testsuite name="pytest" errors="0" failures="0" skipped="0" tests="29" time="22.956" timestamp="2026-02-04T21:01:47.245376+00:00" hostname="agent-env-19083d4d-c5ef-4b8c-b7ed-6015c7f3e1a3"><testcase classname="backend.tests.test_spot_learning.TestSpotTradingStatus" name="test_spot_status_returns_200" time="2.410" /><testcase classname="backend.tests.test_spot_learning.TestSpotTradingStatus" name="test_spot_status_has_required_fields" time="9.745" /><testcase classname="backend.tests.test_spot_learning.TestSpotTradingStatus" name="test_spot_status_kraken_connected" time="0.470" /><testcase classname="backend.tests.test_spot_learning.TestSpotTradingStatus" name="test_spot_status_has_budget_info" time="0.249" /><testcase classname="backend.tests.test_spot_learning.TestSpotTradingPairs" name="test_pairs_returns_200" time="0.577" /><testcase classname="backend.tests.test_spot_learning.TestSpotTradingPairs" name="test_pairs_has_required_structure" time="0.125" /><testcase classname="backend.tests.test_spot_learning.TestSpotTradingPairs" name="test_pairs_have_price_data" time="0.246" /><testcase classname="backend.tests.test_spot_learning.TestSpotTradingPairs" name="test_pairs_include_major_cryptos" time="0.177" /><testcase classname="backend.tests.test_spot_learning.TestSpotTradingPairs" name="test_pairs_have_24h_change" time="0.135" /><testcase classname="backend.tests.test_spot_learning.TestSpotTradingBalance" name="test_balance_returns_200" time="1.501" /><testcase classname="backend.tests.test_spot_learning.TestSpotTradingBalance" name="test_balance_has_required_fields" time="1.243" /><testcase classname="backend.tests.test_spot_learning.TestSpotTradingBalance" name="test_balance_holdings_structure" time="1.537" /><testcase classname="backend.tests.test_spot_learning.TestSpotTradingPairDetails" name="test_btc_pair_details" time="0.629" /><testcase classname="backend.tests.test_spot_learning.TestSpotTradingPairDetails" name="test_eth_pair_details" time="0.562" /><testcase classname="backend.tests.test_spot_learning.TestSpotTradingPairDetails" name="test_invalid_pair_returns_404" time="0.039" /><testcase classname="backend.tests.test_spot_learning.TestLearningStatus" name="test_learning_status_returns_200" time="0.035" /><testcase classname="backend.tests.test_spot_learning.TestLearningStatus" name="test_learning_status_has_required_fields" time="0.037" /><testcase classname="backend.tests.test_spot_learning.TestLearningStatus" name="test_learning_stats_structure" time="0.034" /><testcase classname="backend.tests.test_spot_learning.TestLearningStatus" name="test_learning_models_status" time="0.037" /><testcase classname="backend.tests.test_spot_learning.TestLearningRecommendations" name="test_recommendations_returns_200" time="0.044" /><testcase classname="backend.tests.test_spot_learning.TestLearningRecommendations" name="test_recommendations_has_required_fields" time="0.036" /><testcase classname="backend.tests.test_spot_learning.TestLearningRecommendations" name="test_recommendations_structure" time="0.038" /><testcase classname="backend.tests.test_spot_learning.TestSpotTradingRecentTrades" name="test_recent_trades_returns_200" time="0.039" /><testcase classname="backend.tests.test_spot_learning.TestSpotTradingRecentTrades" name="test_recent_trades_structure" time="0.078" /><testcase classname="backend.tests.test_spot_learning.TestLearningHistory" name="test_learning_history_returns_200" time="0.033" /><testcase classname="backend.tests.test_spot_learning.TestLearningHistory" name="test_learning_history_structure" time="0.074" /><testcase classname="backend.tests.test_spot_learning.TestIntegration" name="test_spot_and_learning_services_available" time="0.495" /><testcase classname="backend.tests.test_spot_learning.TestIntegration" name="test_spot_pairs_have_live_prices" time="0.278" /><testcase classname="backend.tests.test_spot_learning.TestIntegration" name="test_balance_reflects_real_holdings" time="1.953" /></testsuite></testsuites>