<?xml version="1.0" encoding="utf-8"?><testsuites name="pytest tests"><testsuite name="pytest" errors="0" failures="0" skipped="0" tests="17" time="6.604" timestamp="2026-02-04T06:12:08.298183+00:00" hostname="agent-env-de05d297-8ef0-4d8a-bf5f-cbdca3072066"><testcase classname="backend.tests.test_partial_take_profit.TestPartialTakeProfitConfig" name="test_get_partial_tp_config" time="0.080" /><testcase classname="backend.tests.test_partial_take_profit.TestPartialTakeProfitConfig" name="test_partial_tp_has_three_default_levels" time="0.041" /><testcase classname="backend.tests.test_partial_take_profit.TestPartialTakeProfitConfig" name="test_partial_tp_enabled_by_default" time="0.042" /><testcase classname="backend.tests.test_partial_take_profit.TestPartialTakeProfitConfig" name="test_move_stop_to_breakeven_enabled" time="0.043" /><testcase classname="backend.tests.test_partial_take_profit.TestPartialTakeProfitConfig" name="test_partial_tp_statistics_present" time="0.042" /><testcase classname="backend.tests.test_partial_take_profit.TestPartialTakeProfitConfig" name="test_partial_tp_example_present" time="0.043" /><testcase classname="backend.tests.test_partial_take_profit.TestPartialTakeProfitConfigUpdate" name="test_update_partial_tp_enabled" time="0.120" /><testcase classname="backend.tests.test_partial_take_profit.TestPartialTakeProfitConfigUpdate" name="test_update_move_stop_to_breakeven" time="0.115" /><testcase classname="backend.tests.test_partial_take_profit.TestPartialTakeProfitConfigUpdate" name="test_update_partial_tp_levels" time="0.167" /><testcase classname="backend.tests.test_partial_take_profit.TestPartialTakeProfitConfigUpdate" name="test_update_levels_validation_exceeds_100" time="0.038" /><testcase classname="backend.tests.test_partial_take_profit.TestPartialTakeProfitPositions" name="test_get_positions_with_partial_tp" time="1.344" /><testcase classname="backend.tests.test_partial_take_profit.TestPartialTakeProfitPositions" name="test_position_structure_in_partial_tp" time="1.099" /><testcase classname="backend.tests.test_partial_take_profit.TestPartialTakeProfitPositions" name="test_next_level_structure" time="0.859" /><testcase classname="backend.tests.test_partial_take_profit.TestAutomationStatusPartialTP" name="test_automation_status_has_partial_tp_stat" time="0.042" /><testcase classname="backend.tests.test_partial_take_profit.TestAutomationStatusPartialTP" name="test_automation_status_config_has_partial_tp" time="0.037" /><testcase classname="backend.tests.test_partial_take_profit.TestPartialTPIntegration" name="test_partial_tp_levels_match_across_endpoints" time="1.142" /><testcase classname="backend.tests.test_partial_take_profit.TestPartialTPIntegration" name="test_partial_tp_enabled_consistent" time="1.255" /></testsuite></testsuites>