<?xml version="1.0" encoding="utf-8"?><testsuites name="pytest tests"><testsuite name="pytest" errors="0" failures="2" skipped="0" tests="36" time="3.202" timestamp="2026-02-09T20:29:51.156945+00:00" hostname="agent-env-7066b9e0-590a-4cab-b9b6-3f2c771e8248"><testcase classname="backend.tests.test_p0_new_features.TestAdvancedOrders" name="test_get_orders_summary" time="0.454" /><testcase classname="backend.tests.test_p0_new_features.TestAdvancedOrders" name="test_create_trailing_stop" time="0.055" /><testcase classname="backend.tests.test_p0_new_features.TestAdvancedOrders" name="test_list_trailing_stops" time="0.045" /><testcase classname="backend.tests.test_p0_new_features.TestAdvancedOrders" name="test_create_dca_bot" time="0.041" /><testcase classname="backend.tests.test_p0_new_features.TestAdvancedOrders" name="test_list_dca_bots" time="0.047" /><testcase classname="backend.tests.test_p0_new_features.TestAdvancedOrders" name="test_create_oco_order" time="0.067" /><testcase classname="backend.tests.test_p0_new_features.TestAdvancedOrders" name="test_list_oco_orders" time="0.043" /><testcase classname="backend.tests.test_p0_new_features.TestDeFiWallet" name="test_get_supported_chains_protocols" time="0.045" /><testcase classname="backend.tests.test_p0_new_features.TestDeFiWallet" name="test_connect_wallet" time="0.041" /><testcase classname="backend.tests.test_p0_new_features.TestDeFiWallet" name="test_connect_wallet_invalid_address" time="0.041" /><testcase classname="backend.tests.test_p0_new_features.TestDeFiWallet" name="test_list_connected_wallets" time="0.039" /><testcase classname="backend.tests.test_p0_new_features.TestDeFiWallet" name="test_get_token_balances" time="0.041" /><testcase classname="backend.tests.test_p0_new_features.TestDeFiWallet" name="test_get_defi_positions" time="0.042" /><testcase classname="backend.tests.test_p0_new_features.TestDeFiWallet" name="test_get_portfolio_summary" time="0.036" /><testcase classname="backend.tests.test_p0_new_features.TestYieldFarming" name="test_get_yield_opportunities" time="0.039" /><testcase classname="backend.tests.test_p0_new_features.TestYieldFarming" name="test_get_opportunities_filtered_by_chain" time="0.036" /><testcase classname="backend.tests.test_p0_new_features.TestYieldFarming" name="test_get_opportunities_filtered_by_risk" time="0.040" /><testcase classname="backend.tests.test_p0_new_features.TestYieldFarming" name="test_deposit_to_vault" time="0.041" /><testcase classname="backend.tests.test_p0_new_features.TestYieldFarming" name="test_get_user_positions" time="0.041" /><testcase classname="backend.tests.test_p0_new_features.TestYieldFarming" name="test_get_vault_details" time="0.036" /><testcase classname="backend.tests.test_p0_new_features.TestPerpetualFutures" name="test_get_perpetual_markets" time="0.040" /><testcase classname="backend.tests.test_p0_new_features.TestPerpetualFutures" name="test_open_long_position" time="0.040" /><testcase classname="backend.tests.test_p0_new_features.TestPerpetualFutures" name="test_open_short_position" time="0.037" /><testcase classname="backend.tests.test_p0_new_features.TestPerpetualFutures" name="test_get_user_positions" time="0.036" /><testcase classname="backend.tests.test_p0_new_features.TestPerpetualFutures" name="test_get_funding_rates" time="0.037"><failure message="AssertionError: assert 'rates' in {'funding_rates': [{'average_rate_24h': 0.0011, 'current_rate': 0.0012, 'history': [{'rate': 0.001, 'time': '00:00'}, {'rate': 0.0012, 'time': '08:00'}, {'rate': 0.0011, 'time': '16:00'}], 'predicted_rate': 0.001, ...}, {'average_rate_24h': 0.0014, 'current_rate': 0.0015, 'history': [{'rate': 0.0013, 'time': '00:00'}, {'rate': 0.0015, 'time': '08:00'}, {'rate': 0.0014, 'time': '16:00'}], 'predicted_rate': 0.0012, ...}, {'average_rate_24h': 0.0022, 'current_rate': 0.0025, 'history': [{'rate': 0.002, 'time': '00:00'}, {'rate': 0.0025, 'time': '08:00'}, {'rate': 0.0021, 'time': '16:00'}], 'predicted_rate': 0.002, ...}]}">backend/tests/test_p0_new_features.py:407: in test_get_funding_rates
    assert "rates" in data
E   AssertionError: assert 'rates' in {'funding_rates': [{'average_rate_24h': 0.0011, 'current_rate': 0.0012, 'history': [{'rate': 0.001, 'time': '00:00'}, {'rate': 0.0012, 'time': '08:00'}, {'rate': 0.0011, 'time': '16:00'}], 'predicted_rate': 0.001, ...}, {'average_rate_24h': 0.0014, 'current_rate': 0.0015, 'history': [{'rate': 0.0013, 'time': '00:00'}, {'rate': 0.0015, 'time': '08:00'}, {'rate': 0.0014, 'time': '16:00'}], 'predicted_rate': 0.0012, ...}, {'average_rate_24h': 0.0022, 'current_rate': 0.0025, 'history': [{'rate': 0.002, 'time': '00:00'}, {'rate': 0.0025, 'time': '08:00'}, {'rate': 0.0021, 'time': '16:00'}], 'predicted_rate': 0.002, ...}]}</failure></testcase><testcase classname="backend.tests.test_p0_new_features.TestPerpetualFutures" name="test_get_account_info" time="0.039"><failure message="AssertionError: assert 'balance' in {'account_balance': 10000, 'available_balance': 7500, 'fee_tier': {'maker': 0.02, 'taker': 0.05}, 'leverage_tier': 'VIP1', ...}">backend/tests/test_p0_new_features.py:420: in test_get_account_info
    assert "balance" in data
E   AssertionError: assert 'balance' in {'account_balance': 10000, 'available_balance': 7500, 'fee_tier': {'maker': 0.02, 'taker': 0.05}, 'leverage_tier': 'VIP1', ...}</failure></testcase><testcase classname="backend.tests.test_p0_new_features.TestNewsSentiment" name="test_get_market_sentiment" time="1.047" /><testcase classname="backend.tests.test_p0_new_features.TestNewsSentiment" name="test_get_coin_sentiment_bitcoin" time="0.037" /><testcase classname="backend.tests.test_p0_new_features.TestNewsSentiment" name="test_get_coin_sentiment_ethereum" time="0.038" /><testcase classname="backend.tests.test_p0_new_features.TestNewsSentiment" name="test_get_coin_sentiment_with_analysis" time="0.041" /><testcase classname="backend.tests.test_p0_new_features.TestNavigationSidebar" name="test_frontend_loads" time="0.045" /><testcase classname="backend.tests.test_p0_new_features.TestNavigationSidebar" name="test_advanced_orders_page_loads" time="0.048" /><testcase classname="backend.tests.test_p0_new_features.TestNavigationSidebar" name="test_defi_wallet_page_loads" time="0.046" /><testcase classname="backend.tests.test_p0_new_features.TestNavigationSidebar" name="test_yield_farming_page_loads" time="0.047" /><testcase classname="backend.tests.test_p0_new_features.TestNavigationSidebar" name="test_perpetuals_page_loads" time="0.048" /><testcase classname="backend.tests.test_p0_new_features.TestNavigationSidebar" name="test_news_sentiment_page_loads" time="0.051" /></testsuite></testsuites>