<?xml version="1.0" encoding="utf-8"?><testsuites name="pytest tests"><testsuite name="pytest" errors="0" failures="0" skipped="0" tests="22" time="2.277" timestamp="2026-02-02T18:54:06.216408+00:00" hostname="agent-env-ddcd9300-906b-4031-9aa5-23fba68548dd"><testcase classname="backend.tests.test_dynamic_universe_integration.TestUniverseStats" name="test_universe_stats_total_coins" time="0.130" /><testcase classname="backend.tests.test_dynamic_universe_integration.TestUniverseStats" name="test_universe_stats_categories" time="0.046" /><testcase classname="backend.tests.test_dynamic_universe_integration.TestUniverseCoins" name="test_get_all_active_coins" time="0.046" /><testcase classname="backend.tests.test_dynamic_universe_integration.TestGemCandidates" name="test_get_gem_candidates" time="0.049" /><testcase classname="backend.tests.test_dynamic_universe_integration.TestGemCandidates" name="test_gem_candidates_include_ai_discovered" time="0.038" /><testcase classname="backend.tests.test_dynamic_universe_integration.TestAIDiscoveredCoins" name="test_get_ai_discovered_coins" time="0.045" /><testcase classname="backend.tests.test_dynamic_universe_integration.TestAIDiscoveredCoins" name="test_ai_discovered_coin_structure" time="0.042" /><testcase classname="backend.tests.test_dynamic_universe_integration.TestAIDiscoverEndpoint" name="test_ai_discover_new_coin" time="0.132" /><testcase classname="backend.tests.test_dynamic_universe_integration.TestAIDiscoverEndpoint" name="test_ai_discover_duplicate_fails" time="0.041" /><testcase classname="backend.tests.test_dynamic_universe_integration.TestAISelection" name="test_ai_select_coins" time="0.070" /><testcase classname="backend.tests.test_dynamic_universe_integration.TestAISelection" name="test_ai_selection_includes_sentiment" time="0.080" /><testcase classname="backend.tests.test_dynamic_universe_integration.TestGemScanner" name="test_gem_scan" time="0.748" /><testcase classname="backend.tests.test_dynamic_universe_integration.TestGemScanner" name="test_gem_scan_uses_dynamic_universe" time="0.071" /><testcase classname="backend.tests.test_dynamic_universe_integration.TestTrainingStatus" name="test_training_status" time="0.078" /><testcase classname="backend.tests.test_dynamic_universe_integration.TestTrainingStatus" name="test_training_status_coins" time="0.040" /><testcase classname="backend.tests.test_dynamic_universe_integration.TestAIWeights" name="test_ai_weights_structure" time="0.039" /><testcase classname="backend.tests.test_dynamic_universe_integration.TestAIWeights" name="test_ai_weights_sentiment_value" time="0.041" /><testcase classname="backend.tests.test_dynamic_universe_integration.TestAIWeights" name="test_ai_weights_signal_weights" time="0.040" /><testcase classname="backend.tests.test_dynamic_universe_integration.TestHiddenGems" name="test_hidden_gems_endpoint" time="0.044" /><testcase classname="backend.tests.test_dynamic_universe_integration.TestHiddenGems" name="test_hidden_gems_real_data" time="0.039" /><testcase classname="backend.tests.test_dynamic_universe_integration.TestTrainingCoins" name="test_training_coins_endpoint" time="0.047" /><testcase classname="backend.tests.test_dynamic_universe_integration.TestIntegrationFlow" name="test_full_ai_flow" time="0.257" /></testsuite></testsuites>