<?xml version="1.0" encoding="utf-8"?><testsuites name="pytest tests"><testsuite name="pytest" errors="0" failures="0" skipped="0" tests="21" time="1.170" timestamp="2026-02-09T20:50:18.961924+00:00" hostname="agent-env-7066b9e0-590a-4cab-b9b6-3f2c771e8248"><testcase classname="backend.tests.test_telegram_rebalance.TestTelegramNotifications" name="test_telegram_status" time="0.076" /><testcase classname="backend.tests.test_telegram_rebalance.TestTelegramNotifications" name="test_telegram_config_get" time="0.042" /><testcase classname="backend.tests.test_telegram_rebalance.TestTelegramNotifications" name="test_telegram_config_save" time="0.040" /><testcase classname="backend.tests.test_telegram_rebalance.TestTelegramNotifications" name="test_telegram_price_alerts_get" time="0.041" /><testcase classname="backend.tests.test_telegram_rebalance.TestTelegramNotifications" name="test_telegram_price_alert_create" time="0.042" /><testcase classname="backend.tests.test_telegram_rebalance.TestTelegramNotifications" name="test_telegram_price_alert_delete" time="0.085" /><testcase classname="backend.tests.test_telegram_rebalance.TestTelegramNotifications" name="test_telegram_history" time="0.041" /><testcase classname="backend.tests.test_telegram_rebalance.TestPortfolioRebalancing" name="test_rebalance_analyze" time="0.057" /><testcase classname="backend.tests.test_telegram_rebalance.TestPortfolioRebalancing" name="test_rebalance_suggest" time="0.039" /><testcase classname="backend.tests.test_telegram_rebalance.TestPortfolioRebalancing" name="test_rebalance_suggest_with_target" time="0.045" /><testcase classname="backend.tests.test_telegram_rebalance.TestPortfolioRebalancing" name="test_rebalance_templates" time="0.042" /><testcase classname="backend.tests.test_telegram_rebalance.TestPortfolioRebalancing" name="test_rebalance_drift" time="0.042" /><testcase classname="backend.tests.test_telegram_rebalance.TestPortfolioRebalancing" name="test_rebalance_config_save" time="0.045" /><testcase classname="backend.tests.test_telegram_rebalance.TestPortfolioRebalancing" name="test_rebalance_config_get" time="0.040" /><testcase classname="backend.tests.test_telegram_rebalance.TestPortfolioRebalancing" name="test_rebalance_history" time="0.038" /><testcase classname="backend.tests.test_telegram_rebalance.TestRiskAnalyzer" name="test_risk_overview" time="0.036" /><testcase classname="backend.tests.test_telegram_rebalance.TestRiskAnalyzer" name="test_risk_stress_test" time="0.040" /><testcase classname="backend.tests.test_telegram_rebalance.TestRiskAnalyzer" name="test_risk_stress_test_scenarios" time="0.159" /><testcase classname="backend.tests.test_telegram_rebalance.TestRiskAnalyzer" name="test_risk_exposure" time="0.042" /><testcase classname="backend.tests.test_telegram_rebalance.TestRiskAnalyzer" name="test_risk_var" time="0.040" /><testcase classname="backend.tests.test_telegram_rebalance.TestRiskAnalyzer" name="test_risk_correlations" time="0.035" /></testsuite></testsuites>