<?xml version="1.0" encoding="utf-8"?><testsuites name="pytest tests"><testsuite name="pytest" errors="0" failures="3" skipped="0" tests="31" time="137.941" timestamp="2026-02-04T00:43:36.665011+00:00" hostname="agent-env-c2f5d336-31e5-41bb-b950-19b33568617b"><testcase classname="backend.tests.test_event_correlation.TestEventDatabaseSeeding" name="test_seed_events_database" time="1.272" /><testcase classname="backend.tests.test_event_correlation.TestEventDatabaseStats" name="test_get_events_stats" time="0.050" /><testcase classname="backend.tests.test_event_correlation.TestEventDatabasePriceImpact" name="test_calculate_price_impact" time="0.047" /><testcase classname="backend.tests.test_event_correlation.TestWhatCausedPriceChange" name="test_ftx_collapse_correlation" time="1.699" /><testcase classname="backend.tests.test_event_correlation.TestWhatCausedPriceChange" name="test_what_caused_without_direction" time="0.555" /><testcase classname="backend.tests.test_event_correlation.TestWhatCausedPriceChange" name="test_what_caused_invalid_date" time="0.044" /><testcase classname="backend.tests.test_event_correlation.TestEventSearch" name="test_search_elon_events" time="19.761" /><testcase classname="backend.tests.test_event_correlation.TestEventSearch" name="test_search_ftx_events" time="23.902" /><testcase classname="backend.tests.test_event_correlation.TestEventSearch" name="test_search_etf_events" time="5.886" /><testcase classname="backend.tests.test_event_correlation.TestEventsOnDate" name="test_events_on_ftx_collapse_date" time="2.950" /><testcase classname="backend.tests.test_event_correlation.TestEventsOnDate" name="test_events_on_date_without_coin" time="0.792" /><testcase classname="backend.tests.test_event_correlation.TestEventsOnDate" name="test_events_on_date_invalid" time="0.079" /><testcase classname="backend.tests.test_event_correlation.TestEventsByCategory" name="test_celebrity_events" time="0.043" /><testcase classname="backend.tests.test_event_correlation.TestEventsByCategory" name="test_regulatory_events" time="0.041" /><testcase classname="backend.tests.test_event_correlation.TestEventsByCategory" name="test_exchange_events" time="0.041" /><testcase classname="backend.tests.test_event_correlation.TestEventsByCategory" name="test_institutional_events" time="0.048" /><testcase classname="backend.tests.test_event_correlation.TestEventsByCategory" name="test_technology_events" time="0.039" /><testcase classname="backend.tests.test_event_correlation.TestEventsByCoin" name="test_btc_events" time="0.049" /><testcase classname="backend.tests.test_event_correlation.TestEventsByCoin" name="test_eth_events" time="0.043" /><testcase classname="backend.tests.test_event_correlation.TestEventsByCoin" name="test_doge_events" time="0.044" /><testcase classname="backend.tests.test_event_correlation.TestEventsByCoin" name="test_sol_events" time="0.041" /><testcase classname="backend.tests.test_event_correlation.TestAIChatEventDetection" name="test_ai_chat_what_happened_btc" time="49.681" /><testcase classname="backend.tests.test_event_correlation.TestAIChatEventDetection" name="test_ai_chat_elon_events" time="10.720"><failure message="AssertionError: Expected 200, got 520: Internal Server Error&#10;assert 520 == 200&#10; +  where 520 = &lt;Response [520]&gt;.status_code">backend/tests/test_event_correlation.py:427: in test_ai_chat_elon_events
    assert response.status_code == 200, f"Expected 200, got {response.status_code}: {response.text}"
E   AssertionError: Expected 200, got 520: Internal Server Error
E   assert 520 == 200
E    +  where 520 = &lt;Response [520]&gt;.status_code</failure></testcase><testcase classname="backend.tests.test_event_correlation.TestAIChatEventDetection" name="test_ai_chat_ftx_crash" time="10.069"><failure message="AssertionError: Expected 200, got 520: Internal Server Error&#10;assert 520 == 200&#10; +  where 520 = &lt;Response [520]&gt;.status_code">backend/tests/test_event_correlation.py:449: in test_ai_chat_ftx_crash
    assert response.status_code == 200, f"Expected 200, got {response.status_code}: {response.text}"
E   AssertionError: Expected 200, got 520: Internal Server Error
E   assert 520 == 200
E    +  where 520 = &lt;Response [520]&gt;.status_code</failure></testcase><testcase classname="backend.tests.test_event_correlation.TestAIChatEventDetection" name="test_ai_chat_btc_events" time="9.527"><failure message="AssertionError: Expected 200, got 520: Internal Server Error&#10;assert 520 == 200&#10; +  where 520 = &lt;Response [520]&gt;.status_code">backend/tests/test_event_correlation.py:471: in test_ai_chat_btc_events
    assert response.status_code == 200, f"Expected 200, got {response.status_code}: {response.text}"
E   AssertionError: Expected 200, got 520: Internal Server Error
E   assert 520 == 200
E    +  where 520 = &lt;Response [520]&gt;.status_code</failure></testcase><testcase classname="backend.tests.test_event_correlation.TestEventDatabaseSearch" name="test_database_search_elon" time="0.096" /><testcase classname="backend.tests.test_event_correlation.TestEventDatabaseSearch" name="test_database_search_ftx" time="0.043" /><testcase classname="backend.tests.test_event_correlation.TestEventDatabaseSearch" name="test_database_search_halving" time="0.043" /><testcase classname="backend.tests.test_event_correlation.TestEventDatabaseList" name="test_list_all_events" time="0.042" /><testcase classname="backend.tests.test_event_correlation.TestEventDatabaseList" name="test_list_events_with_filters" time="0.045" /><testcase classname="backend.tests.test_event_correlation.TestEventDatabaseList" name="test_list_events_by_impact" time="0.047" /></testsuite></testsuites>